#
# There is insufficient memory for the Java Runtime Environment to continue.
# Native memory allocation (malloc) failed to allocate 1063216 bytes for Chunk::new
# Possible reasons:
#   The system is out of physical RAM or swap space
#   The process is running with CompressedOops enabled, and the Java Heap may be blocking the growth of the native heap
# Possible solutions:
#   Reduce memory load on the system
#   Increase physical memory or swap space
#   Check if swap backing store is full
#   Decrease Java heap size (-Xmx/-Xms)
#   Decrease number of Java threads
#   Decrease Java thread stack sizes (-Xss)
#   Set larger code cache with -XX:ReservedCodeCacheSize=
#   JVM is running with Zero Based Compressed Oops mode in which the Java heap is
#     placed in the first 32GB address space. The Java Heap base address is the
#     maximum limit for the native heap growth. Please use -XX:HeapBaseMinAddress
#     to set the Java Heap base and to place the Java Heap above 32GB virtual address.
# This output file may be truncated or incomplete.
#
#  Out of Memory Error (./open/src/hotspot/share/memory/arena.cpp:195), pid=28356, tid=34212
#
# JRE version: OpenJDK Runtime Environment (15.0.1+9) (build 15.0.1+9-18)
# Java VM: OpenJDK 64-Bit Server VM (15.0.1+9-18, mixed mode, tiered, compressed oops, g1 gc, windows-amd64)
# No core dump will be written. Minidumps are not enabled by default on client versions of Windows
#

---------------  S U M M A R Y ------------

Command Line: -Dfile.encoding=UTF-8 -XX:+ShowCodeDetailsInExceptionMessages Main.Main

Host: AMD Ryzen 5 3500X 6-Core Processor             , 6 cores, 23G,  Windows 10 , 64 bit Build 18362 (10.0.18362.1350)
Time: Tue Apr 20 10:50:47 2021 ¢¥eCN©öI¡¾©ö C¡ÍA¨ª¨öA elapsed time: 7.294758 seconds (0d 0h 0m 7s)

---------------  T H R E A D  ---------------

Current thread (0x00000236ff3ffc50):  JavaThread "C2 CompilerThread0" daemon [_thread_in_native, id=34212, stack(0x000000cb00c00000,0x000000cb00d00000)]


Current CompileTask:
C2:   7294 2329       4       java.awt.Component::getGraphics (124 bytes)

Stack: [0x000000cb00c00000,0x000000cb00d00000]
Native frames: (J=compiled Java code, j=interpreted, Vv=VM code, C=native code)
V  [jvm.dll+0x62ae9a]
V  [jvm.dll+0x781389]
V  [jvm.dll+0x782ae3]
V  [jvm.dll+0x783143]
V  [jvm.dll+0x216265]
V  [jvm.dll+0x97efa]
V  [jvm.dll+0x985dc]
V  [jvm.dll+0x32e4c8]
V  [jvm.dll+0x2f78aa]
V  [jvm.dll+0x2f6c6a]
V  [jvm.dll+0x1ea645]
V  [jvm.dll+0x1e98ae]
V  [jvm.dll+0x1784c7]
V  [jvm.dll+0x1f9165]
V  [jvm.dll+0x1f720c]
V  [jvm.dll+0x74485d]
V  [jvm.dll+0x73d65a]
V  [jvm.dll+0x629c56]
C  [ucrtbase.dll+0x210b2]
C  [KERNEL32.DLL+0x17c24]
C  [ntdll.dll+0x6d721]


---------------  P R O C E S S  ---------------

Threads class SMR info:
_java_thread_list=0x000002368f998c50, length=19, elements={
0x00000236ff3bf010, 0x00000236ff3bf8d0, 0x00000236ff3ecd00, 0x00000236ff3fd790,
0x00000236ff3fe050, 0x00000236ff3ffc50, 0x00000236ff404260, 0x00000236ff407060,
0x00000236ff59b1a0, 0x00000236ff5aa9d0, 0x0000023688196060, 0x0000023688198950,
0x000002368819bb00, 0x000002368862bc20, 0x00000236886a4ad0, 0x00000236e3423b90,
0x00000236ff6ad6e0, 0x00000236884c0570, 0x000002368fc648d0
}

Java Threads: ( => current thread )
  0x00000236ff3bf010 JavaThread "Reference Handler" daemon [_thread_blocked, id=34004, stack(0x000000cb00700000,0x000000cb00800000)]
  0x00000236ff3bf8d0 JavaThread "Finalizer" daemon [_thread_blocked, id=12968, stack(0x000000cb00800000,0x000000cb00900000)]
  0x00000236ff3ecd00 JavaThread "Signal Dispatcher" daemon [_thread_blocked, id=33816, stack(0x000000cb00900000,0x000000cb00a00000)]
  0x00000236ff3fd790 JavaThread "Attach Listener" daemon [_thread_blocked, id=32000, stack(0x000000cb00a00000,0x000000cb00b00000)]
  0x00000236ff3fe050 JavaThread "Service Thread" daemon [_thread_blocked, id=28216, stack(0x000000cb00b00000,0x000000cb00c00000)]
=>0x00000236ff3ffc50 JavaThread "C2 CompilerThread0" daemon [_thread_in_native, id=34212, stack(0x000000cb00c00000,0x000000cb00d00000)]
  0x00000236ff404260 JavaThread "C1 CompilerThread0" daemon [_thread_blocked, id=21828, stack(0x000000cb00d00000,0x000000cb00e00000)]
  0x00000236ff407060 JavaThread "Sweeper thread" daemon [_thread_blocked, id=32568, stack(0x000000cb00e00000,0x000000cb00f00000)]
  0x00000236ff59b1a0 JavaThread "Notification Thread" daemon [_thread_blocked, id=34476, stack(0x000000cb00f00000,0x000000cb01000000)]
  0x00000236ff5aa9d0 JavaThread "Common-Cleaner" daemon [_thread_blocked, id=25640, stack(0x000000cb01100000,0x000000cb01200000)]
  0x0000023688196060 JavaThread "Java2D Disposer" daemon [_thread_blocked, id=33436, stack(0x000000cb01200000,0x000000cb01300000)]
  0x0000023688198950 JavaThread "AWT-Shutdown" [_thread_blocked, id=32676, stack(0x000000cb01300000,0x000000cb01400000)]
  0x000002368819bb00 JavaThread "AWT-Windows" daemon [_thread_in_native, id=34116, stack(0x000000cb01400000,0x000000cb01500000)]
  0x000002368862bc20 JavaThread "Image Fetcher 0" daemon [_thread_blocked, id=3276, stack(0x000000cb01710000,0x000000cb01810000)]
  0x00000236886a4ad0 JavaThread "AWT-EventQueue-0" [_thread_in_native, id=32664, stack(0x000000cb01810000,0x000000cb01910000)]
  0x00000236e3423b90 JavaThread "DestroyJavaVM" [_thread_blocked, id=22416, stack(0x000000cb00000000,0x000000cb00100000)]
  0x00000236ff6ad6e0 JavaThread "D3D Screen Updater" daemon [_thread_in_native, id=33092, stack(0x000000cb01c10000,0x000000cb01d10000)]
  0x00000236884c0570 JavaThread "TimerQueue" daemon [_thread_blocked, id=34644, stack(0x000000cb01d20000,0x000000cb01e20000)]
  0x000002368fc648d0 JavaThread "C2 CompilerThread1" daemon [_thread_in_native, id=31988, stack(0x000000cb02360000,0x000000cb02460000)]

Other Threads:
  0x00000236feb4ffc0 VMThread "VM Thread" [stack: 0x000000cb00600000,0x000000cb00700000] [id=34312]
  0x00000236ff59b670 WatcherThread [stack: 0x000000cb01000000,0x000000cb01100000] [id=32508]
  0x00000236e34850b0 GCTaskThread "GC Thread#0" [stack: 0x000000cb00100000,0x000000cb00200000] [id=34760]
  0x00000236ff5eb130 GCTaskThread "GC Thread#1" [stack: 0x000000cb01e60000,0x000000cb01f60000] [id=32560]
  0x00000236ff5ec450 GCTaskThread "GC Thread#2" [stack: 0x000000cb01f60000,0x000000cb02060000] [id=33472]
  0x00000236ff5ec780 GCTaskThread "GC Thread#3" [stack: 0x000000cb02060000,0x000000cb02160000] [id=34120]
  0x00000236ff5ecab0 GCTaskThread "GC Thread#4" [stack: 0x000000cb02160000,0x000000cb02260000] [id=34256]
  0x00000236ff5e9e10 GCTaskThread "GC Thread#5" [stack: 0x000000cb02260000,0x000000cb02360000] [id=33368]
  0x00000236e34939c0 ConcurrentGCThread "G1 Main Marker" [stack: 0x000000cb00200000,0x000000cb00300000] [id=21656]
  0x00000236e3494540 ConcurrentGCThread "G1 Conc#0" [stack: 0x000000cb00300000,0x000000cb00400000] [id=34292]
  0x00000236fe9c20c0 ConcurrentGCThread "G1 Refine#0" [stack: 0x000000cb00400000,0x000000cb00500000] [id=33460]
  0x00000236fe9c2990 ConcurrentGCThread "G1 Young RemSet Sampling" [stack: 0x000000cb00500000,0x000000cb00600000] [id=33552]

Threads with active compile tasks:
C2 CompilerThread0     7332 2329       4       java.awt.Component::getGraphics (124 bytes)
C2 CompilerThread1     7332 2341       4       sun.java2d.SunGraphics2D::constrain (11 bytes)

VM state: not at safepoint (normal execution)

VM Mutex/Monitor currently owned by a thread: None

Heap address: 0x0000000681000000, size: 6128 MB, Compressed Oops mode: Zero based, Oop shift amount: 3
CDS disabled.
Compressed class space mapped at: 0x0000000800000000-0x0000000840000000, size: 1073741824
Narrow klass base: 0x0000000800000000, Narrow klass shift: 0, Narrow klass range: 0x40000000

GC Precious Log:
 CPUs: 6 total, 6 available
 Memory: 24510M
 Large Page Support: Disabled
 NUMA Support: Disabled
 Compressed Oops: Enabled (Zero based)
 Heap Region Size: 4M
 Heap Min Capacity: 8M
 Heap Initial Capacity: 384M
 Heap Max Capacity: 6128M
 Pre-touch: Disabled
 Parallel Workers: 6
 Concurrent Workers: 2
 Concurrent Refinement Workers: 6
 Periodic GC: Disabled

Heap:
 garbage-first heap   total 393216K, used 22609K [0x0000000681000000, 0x0000000800000000)
  region size 4096K, 4 young (16384K), 1 survivors (4096K)
 Metaspace       used 19433K, capacity 19679K, committed 19712K, reserved 1067008K
  class space    used 1972K, capacity 2040K, committed 2048K, reserved 1048576K

Heap Regions: E=young(eden), S=young(survivor), O=old, HS=humongous(starts), HC=humongous(continues), CS=collection set, F=free, OA=open archive, CA=closed archive, TAMS=top-at-mark-start (previous, next)
|   0|0x0000000681000000, 0x0000000681400000, 0x0000000681400000|100%|HS|  |TAMS 0x0000000681000000, 0x0000000681000000| Complete 
|   1|0x0000000681400000, 0x0000000681800000, 0x0000000681800000|100%|HC|  |TAMS 0x0000000681400000, 0x0000000681400000| Complete 
|   2|0x0000000681800000, 0x0000000681b53c00, 0x0000000681c00000| 83%| O|  |TAMS 0x0000000681800000, 0x0000000681800000| Untracked 
|   3|0x0000000681c00000, 0x0000000681c00000, 0x0000000682000000|  0%| F|  |TAMS 0x0000000681c00000, 0x0000000681c00000| Untracked 
|   4|0x0000000682000000, 0x0000000682000000, 0x0000000682400000|  0%| F|  |TAMS 0x0000000682000000, 0x0000000682000000| Untracked 
|   5|0x0000000682400000, 0x0000000682400000, 0x0000000682800000|  0%| F|  |TAMS 0x0000000682400000, 0x0000000682400000| Untracked 
|   6|0x0000000682800000, 0x0000000682800000, 0x0000000682c00000|  0%| F|  |TAMS 0x0000000682800000, 0x0000000682800000| Untracked 
|   7|0x0000000682c00000, 0x0000000682c00000, 0x0000000683000000|  0%| F|  |TAMS 0x0000000682c00000, 0x0000000682c00000| Untracked 
|   8|0x0000000683000000, 0x0000000683000000, 0x0000000683400000|  0%| F|  |TAMS 0x0000000683000000, 0x0000000683000000| Untracked 
|   9|0x0000000683400000, 0x0000000683400000, 0x0000000683800000|  0%| F|  |TAMS 0x0000000683400000, 0x0000000683400000| Untracked 
|  10|0x0000000683800000, 0x0000000683800000, 0x0000000683c00000|  0%| F|  |TAMS 0x0000000683800000, 0x0000000683800000| Untracked 
|  11|0x0000000683c00000, 0x0000000683c00000, 0x0000000684000000|  0%| F|  |TAMS 0x0000000683c00000, 0x0000000683c00000| Untracked 
|  12|0x0000000684000000, 0x0000000684000000, 0x0000000684400000|  0%| F|  |TAMS 0x0000000684000000, 0x0000000684000000| Untracked 
|  13|0x0000000684400000, 0x0000000684400000, 0x0000000684800000|  0%| F|  |TAMS 0x0000000684400000, 0x0000000684400000| Untracked 
|  14|0x0000000684800000, 0x0000000684800000, 0x0000000684c00000|  0%| F|  |TAMS 0x0000000684800000, 0x0000000684800000| Untracked 
|  15|0x0000000684c00000, 0x0000000684c00000, 0x0000000685000000|  0%| F|  |TAMS 0x0000000684c00000, 0x0000000684c00000| Untracked 
|  16|0x0000000685000000, 0x0000000685000000, 0x0000000685400000|  0%| F|  |TAMS 0x0000000685000000, 0x0000000685000000| Untracked 
|  17|0x0000000685400000, 0x0000000685400000, 0x0000000685800000|  0%| F|  |TAMS 0x0000000685400000, 0x0000000685400000| Untracked 
|  18|0x0000000685800000, 0x0000000685800000, 0x0000000685c00000|  0%| F|  |TAMS 0x0000000685800000, 0x0000000685800000| Untracked 
|  19|0x0000000685c00000, 0x0000000685c00000, 0x0000000686000000|  0%| F|  |TAMS 0x0000000685c00000, 0x0000000685c00000| Untracked 
|  20|0x0000000686000000, 0x0000000686000000, 0x0000000686400000|  0%| F|  |TAMS 0x0000000686000000, 0x0000000686000000| Untracked 
|  21|0x0000000686400000, 0x0000000686400000, 0x0000000686800000|  0%| F|  |TAMS 0x0000000686400000, 0x0000000686400000| Untracked 
|  22|0x0000000686800000, 0x0000000686800000, 0x0000000686c00000|  0%| F|  |TAMS 0x0000000686800000, 0x0000000686800000| Untracked 
|  23|0x0000000686c00000, 0x0000000686c00000, 0x0000000687000000|  0%| F|  |TAMS 0x0000000686c00000, 0x0000000686c00000| Untracked 
|  24|0x0000000687000000, 0x0000000687000000, 0x0000000687400000|  0%| F|  |TAMS 0x0000000687000000, 0x0000000687000000| Untracked 
|  25|0x0000000687400000, 0x0000000687400000, 0x0000000687800000|  0%| F|  |TAMS 0x0000000687400000, 0x0000000687400000| Untracked 
|  26|0x0000000687800000, 0x0000000687800000, 0x0000000687c00000|  0%| F|  |TAMS 0x0000000687800000, 0x0000000687800000| Untracked 
|  27|0x0000000687c00000, 0x0000000687c00000, 0x0000000688000000|  0%| F|  |TAMS 0x0000000687c00000, 0x0000000687c00000| Untracked 
|  28|0x0000000688000000, 0x0000000688000000, 0x0000000688400000|  0%| F|  |TAMS 0x0000000688000000, 0x0000000688000000| Untracked 
|  29|0x0000000688400000, 0x0000000688400000, 0x0000000688800000|  0%| F|  |TAMS 0x0000000688400000, 0x0000000688400000| Untracked 
|  30|0x0000000688800000, 0x0000000688800000, 0x0000000688c00000|  0%| F|  |TAMS 0x0000000688800000, 0x0000000688800000| Untracked 
|  31|0x0000000688c00000, 0x0000000688c00000, 0x0000000689000000|  0%| F|  |TAMS 0x0000000688c00000, 0x0000000688c00000| Untracked 
|  32|0x0000000689000000, 0x0000000689000000, 0x0000000689400000|  0%| F|  |TAMS 0x0000000689000000, 0x0000000689000000| Untracked 
|  33|0x0000000689400000, 0x0000000689400000, 0x0000000689800000|  0%| F|  |TAMS 0x0000000689400000, 0x0000000689400000| Untracked 
|  34|0x0000000689800000, 0x0000000689800000, 0x0000000689c00000|  0%| F|  |TAMS 0x0000000689800000, 0x0000000689800000| Untracked 
|  35|0x0000000689c00000, 0x0000000689c00000, 0x000000068a000000|  0%| F|  |TAMS 0x0000000689c00000, 0x0000000689c00000| Untracked 
|  36|0x000000068a000000, 0x000000068a000000, 0x000000068a400000|  0%| F|  |TAMS 0x000000068a000000, 0x000000068a000000| Untracked 
|  37|0x000000068a400000, 0x000000068a400000, 0x000000068a800000|  0%| F|  |TAMS 0x000000068a400000, 0x000000068a400000| Untracked 
|  38|0x000000068a800000, 0x000000068a800000, 0x000000068ac00000|  0%| F|  |TAMS 0x000000068a800000, 0x000000068a800000| Untracked 
|  39|0x000000068ac00000, 0x000000068ac00000, 0x000000068b000000|  0%| F|  |TAMS 0x000000068ac00000, 0x000000068ac00000| Untracked 
|  40|0x000000068b000000, 0x000000068b000000, 0x000000068b400000|  0%| F|  |TAMS 0x000000068b000000, 0x000000068b000000| Untracked 
|  41|0x000000068b400000, 0x000000068b400000, 0x000000068b800000|  0%| F|  |TAMS 0x000000068b400000, 0x000000068b400000| Untracked 
|  42|0x000000068b800000, 0x000000068b800000, 0x000000068bc00000|  0%| F|  |TAMS 0x000000068b800000, 0x000000068b800000| Untracked 
|  43|0x000000068bc00000, 0x000000068bc00000, 0x000000068c000000|  0%| F|  |TAMS 0x000000068bc00000, 0x000000068bc00000| Untracked 
|  44|0x000000068c000000, 0x000000068c000000, 0x000000068c400000|  0%| F|  |TAMS 0x000000068c000000, 0x000000068c000000| Untracked 
|  45|0x000000068c400000, 0x000000068c400000, 0x000000068c800000|  0%| F|  |TAMS 0x000000068c400000, 0x000000068c400000| Untracked 
|  46|0x000000068c800000, 0x000000068c800000, 0x000000068cc00000|  0%| F|  |TAMS 0x000000068c800000, 0x000000068c800000| Untracked 
|  47|0x000000068cc00000, 0x000000068cc00000, 0x000000068d000000|  0%| F|  |TAMS 0x000000068cc00000, 0x000000068cc00000| Untracked 
|  48|0x000000068d000000, 0x000000068d000000, 0x000000068d400000|  0%| F|  |TAMS 0x000000068d000000, 0x000000068d000000| Untracked 
|  49|0x000000068d400000, 0x000000068d400000, 0x000000068d800000|  0%| F|  |TAMS 0x000000068d400000, 0x000000068d400000| Untracked 
|  50|0x000000068d800000, 0x000000068d800000, 0x000000068dc00000|  0%| F|  |TAMS 0x000000068d800000, 0x000000068d800000| Untracked 
|  51|0x000000068dc00000, 0x000000068dc00000, 0x000000068e000000|  0%| F|  |TAMS 0x000000068dc00000, 0x000000068dc00000| Untracked 
|  52|0x000000068e000000, 0x000000068e000000, 0x000000068e400000|  0%| F|  |TAMS 0x000000068e000000, 0x000000068e000000| Untracked 
|  53|0x000000068e400000, 0x000000068e400000, 0x000000068e800000|  0%| F|  |TAMS 0x000000068e400000, 0x000000068e400000| Untracked 
|  54|0x000000068e800000, 0x000000068e800000, 0x000000068ec00000|  0%| F|  |TAMS 0x000000068e800000, 0x000000068e800000| Untracked 
|  55|0x000000068ec00000, 0x000000068ec00000, 0x000000068f000000|  0%| F|  |TAMS 0x000000068ec00000, 0x000000068ec00000| Untracked 
|  56|0x000000068f000000, 0x000000068f000000, 0x000000068f400000|  0%| F|  |TAMS 0x000000068f000000, 0x000000068f000000| Untracked 
|  57|0x000000068f400000, 0x000000068f400000, 0x000000068f800000|  0%| F|  |TAMS 0x000000068f400000, 0x000000068f400000| Untracked 
|  58|0x000000068f800000, 0x000000068f800000, 0x000000068fc00000|  0%| F|  |TAMS 0x000000068f800000, 0x000000068f800000| Untracked 
|  59|0x000000068fc00000, 0x000000068fc00000, 0x0000000690000000|  0%| F|  |TAMS 0x000000068fc00000, 0x000000068fc00000| Untracked 
|  60|0x0000000690000000, 0x0000000690000000, 0x0000000690400000|  0%| F|  |TAMS 0x0000000690000000, 0x0000000690000000| Untracked 
|  61|0x0000000690400000, 0x0000000690400000, 0x0000000690800000|  0%| F|  |TAMS 0x0000000690400000, 0x0000000690400000| Untracked 
|  62|0x0000000690800000, 0x0000000690800000, 0x0000000690c00000|  0%| F|  |TAMS 0x0000000690800000, 0x0000000690800000| Untracked 
|  63|0x0000000690c00000, 0x0000000690c00000, 0x0000000691000000|  0%| F|  |TAMS 0x0000000690c00000, 0x0000000690c00000| Untracked 
|  64|0x0000000691000000, 0x0000000691000000, 0x0000000691400000|  0%| F|  |TAMS 0x0000000691000000, 0x0000000691000000| Untracked 
|  65|0x0000000691400000, 0x0000000691400000, 0x0000000691800000|  0%| F|  |TAMS 0x0000000691400000, 0x0000000691400000| Untracked 
|  66|0x0000000691800000, 0x0000000691800000, 0x0000000691c00000|  0%| F|  |TAMS 0x0000000691800000, 0x0000000691800000| Untracked 
|  67|0x0000000691c00000, 0x0000000691c00000, 0x0000000692000000|  0%| F|  |TAMS 0x0000000691c00000, 0x0000000691c00000| Untracked 
|  68|0x0000000692000000, 0x0000000692000000, 0x0000000692400000|  0%| F|  |TAMS 0x0000000692000000, 0x0000000692000000| Untracked 
|  69|0x0000000692400000, 0x0000000692400000, 0x0000000692800000|  0%| F|  |TAMS 0x0000000692400000, 0x0000000692400000| Untracked 
|  70|0x0000000692800000, 0x0000000692800000, 0x0000000692c00000|  0%| F|  |TAMS 0x0000000692800000, 0x0000000692800000| Untracked 
|  71|0x0000000692c00000, 0x0000000692c00000, 0x0000000693000000|  0%| F|  |TAMS 0x0000000692c00000, 0x0000000692c00000| Untracked 
|  72|0x0000000693000000, 0x0000000693000000, 0x0000000693400000|  0%| F|  |TAMS 0x0000000693000000, 0x0000000693000000| Untracked 
|  73|0x0000000693400000, 0x0000000693400000, 0x0000000693800000|  0%| F|  |TAMS 0x0000000693400000, 0x0000000693400000| Untracked 
|  74|0x0000000693800000, 0x0000000693800000, 0x0000000693c00000|  0%| F|  |TAMS 0x0000000693800000, 0x0000000693800000| Untracked 
|  75|0x0000000693c00000, 0x0000000693c00000, 0x0000000694000000|  0%| F|  |TAMS 0x0000000693c00000, 0x0000000693c00000| Untracked 
|  76|0x0000000694000000, 0x0000000694000000, 0x0000000694400000|  0%| F|  |TAMS 0x0000000694000000, 0x0000000694000000| Untracked 
|  77|0x0000000694400000, 0x0000000694400000, 0x0000000694800000|  0%| F|  |TAMS 0x0000000694400000, 0x0000000694400000| Untracked 
|  78|0x0000000694800000, 0x0000000694800000, 0x0000000694c00000|  0%| F|  |TAMS 0x0000000694800000, 0x0000000694800000| Untracked 
|  79|0x0000000694c00000, 0x0000000694c00000, 0x0000000695000000|  0%| F|  |TAMS 0x0000000694c00000, 0x0000000694c00000| Untracked 
|  80|0x0000000695000000, 0x0000000695000000, 0x0000000695400000|  0%| F|  |TAMS 0x0000000695000000, 0x0000000695000000| Untracked 
|  81|0x0000000695400000, 0x0000000695400000, 0x0000000695800000|  0%| F|  |TAMS 0x0000000695400000, 0x0000000695400000| Untracked 
|  82|0x0000000695800000, 0x0000000695800000, 0x0000000695c00000|  0%| F|  |TAMS 0x0000000695800000, 0x0000000695800000| Untracked 
|  83|0x0000000695c00000, 0x0000000695c00000, 0x0000000696000000|  0%| F|  |TAMS 0x0000000695c00000, 0x0000000695c00000| Untracked 
|  84|0x0000000696000000, 0x0000000696000000, 0x0000000696400000|  0%| F|  |TAMS 0x0000000696000000, 0x0000000696000000| Untracked 
|  85|0x0000000696400000, 0x0000000696400000, 0x0000000696800000|  0%| F|  |TAMS 0x0000000696400000, 0x0000000696400000| Untracked 
|  86|0x0000000696800000, 0x0000000696ac0840, 0x0000000696c00000| 68%| S|CS|TAMS 0x0000000696800000, 0x0000000696800000| Complete 
|  87|0x0000000696c00000, 0x0000000696c00000, 0x0000000697000000|  0%| F|  |TAMS 0x0000000696c00000, 0x0000000696c00000| Untracked 
|  88|0x0000000697000000, 0x0000000697000000, 0x0000000697400000|  0%| F|  |TAMS 0x0000000697000000, 0x0000000697000000| Untracked 
|  89|0x0000000697400000, 0x0000000697400000, 0x0000000697800000|  0%| F|  |TAMS 0x0000000697400000, 0x0000000697400000| Untracked 
|  90|0x0000000697800000, 0x0000000697800000, 0x0000000697c00000|  0%| F|  |TAMS 0x0000000697800000, 0x0000000697800000| Untracked 
|  91|0x0000000697c00000, 0x0000000697c00000, 0x0000000698000000|  0%| F|  |TAMS 0x0000000697c00000, 0x0000000697c00000| Untracked 
|  92|0x0000000698000000, 0x0000000698000000, 0x0000000698400000|  0%| F|  |TAMS 0x0000000698000000, 0x0000000698000000| Untracked 
|  93|0x0000000698400000, 0x00000006986f4d88, 0x0000000698800000| 73%| E|  |TAMS 0x0000000698400000, 0x0000000698400000| Complete 
|  94|0x0000000698800000, 0x0000000698c00000, 0x0000000698c00000|100%| E|CS|TAMS 0x0000000698800000, 0x0000000698800000| Complete 
|  95|0x0000000698c00000, 0x0000000699000000, 0x0000000699000000|100%| E|CS|TAMS 0x0000000698c00000, 0x0000000698c00000| Complete 

Card table byte_map: [0x00000236f6b40000,0x00000236f7740000] _byte_map_base: 0x00000236f3738000

Marking Bits (Prev, Next): (CMBitMap*) 0x00000236e3486840, (CMBitMap*) 0x00000236e3486880
 Prev Bits: [0x00000236f8340000, 0x00000236fe300000)
 Next Bits: [0x0000023680000000, 0x0000023685fc0000)

Polling page: 0x00000236e2bf0000

Metaspace:

Usage:
  Non-class:     17.23 MB capacity,    17.05 MB ( 99%) used,   153.41 KB ( <1%) free+waste,    24.50 KB ( <1%) overhead. 
      Class:      1.99 MB capacity,     1.93 MB ( 97%) used,    59.04 KB (  3%) free+waste,     8.25 KB ( <1%) overhead. 
       Both:     19.22 MB capacity,    18.98 MB ( 99%) used,   212.45 KB (  1%) free+waste,    32.75 KB ( <1%) overhead. 

Virtual space:
  Non-class space:       18.00 MB reserved,      17.25 MB ( 96%) committed 
      Class space:        1.00 GB reserved,       2.00 MB ( <1%) committed 
             Both:        1.02 GB reserved,      19.25 MB (  2%) committed 

Chunk freelists:
   Non-Class:  25.00 KB
       Class:  8.00 KB
        Both:  33.00 KB

MaxMetaspaceSize: 17179869184.00 GB
CompressedClassSpaceSize: 1.00 GB

CodeHeap 'non-profiled nmethods': size=120000Kb used=943Kb max_used=943Kb free=119056Kb
 bounds [0x00000236ee900000, 0x00000236eeb70000, 0x00000236f5e30000]
CodeHeap 'profiled nmethods': size=120000Kb used=4128Kb max_used=4128Kb free=115871Kb
 bounds [0x00000236e73d0000, 0x00000236e77e0000, 0x00000236ee900000]
CodeHeap 'non-nmethods': size=5760Kb used=1340Kb max_used=1415Kb free=4419Kb
 bounds [0x00000236e6e30000, 0x00000236e70a0000, 0x00000236e73d0000]
 total_blobs=2981 nmethods=2340 adapters=553
 compilation: enabled
              stopped_count=0, restarted_count=0
 full_count=0

Compilation events (20 events):
Event: 7.169 Thread 0x00000236ff404260 2323       3       GUI.ChatRoom.TALK_ChatRoom$5::paintComponent (57 bytes)
Event: 7.169 Thread 0x00000236ff404260 nmethod 2323 0x00000236e77cef10 code [0x00000236e77cf100, 0x00000236e77cf658]
Event: 7.171 Thread 0x00000236ff404260 2324       3       GUI.ChatRoom.TALK_ChatRoom$2::paintComponent (57 bytes)
Event: 7.171 Thread 0x00000236ff404260 nmethod 2324 0x00000236e77cf810 code [0x00000236e77cfa00, 0x00000236e77cff58]
Event: 7.239 Thread 0x000002368fc648d0 nmethod 2317 0x00000236ee9cde10 code [0x00000236ee9ce3a0, 0x00000236ee9d54b8]
Event: 7.240 Thread 0x000002368fc648d0 2322       4       sun.java2d.SurfaceData::getSourceSurfaceData (110 bytes)
Event: 7.241 Thread 0x00000236ff3ffc50 nmethod 2321 0x00000236ee9d8590 code [0x00000236ee9d8960, 0x00000236ee9dd5f8]
Event: 7.244 Thread 0x00000236ff404260 2325       3       java.awt.EventQueue::coalesceMouseEvent (44 bytes)
Event: 7.245 Thread 0x00000236ff404260 nmethod 2325 0x00000236e77d0110 code [0x00000236e77d02e0, 0x00000236e77d0748]
Event: 7.249 Thread 0x00000236ff3ffc50 2326  s    4       javax.swing.RepaintManager::getPaintManager (107 bytes)
Event: 7.249 Thread 0x00000236ff404260 2327       3       sun.awt.windows.WToolkit::targetToPeer (5 bytes)
Event: 7.249 Thread 0x00000236ff404260 nmethod 2327 0x00000236e77d0910 code [0x00000236e77d0b40, 0x00000236e77d12e8]
Event: 7.249 Thread 0x00000236ff404260 2328       3       sun.awt.SunToolkit::targetToPeer (20 bytes)
Event: 7.249 Thread 0x00000236ff3ffc50 nmethod 2326 0x00000236ee9e0410 code [0x00000236ee9e0580, 0x00000236ee9e0718]
Event: 7.249 Thread 0x00000236ff3ffc50 2329       4       java.awt.Component::getGraphics (124 bytes)
Event: 7.250 Thread 0x00000236ff404260 nmethod 2328 0x00000236e77d1590 code [0x00000236e77d17c0, 0x00000236e77d1f28]
Event: 7.253 Thread 0x00000236ff404260 2331   !   3       sun.awt.GlobalCursorManager::_updateCursor (165 bytes)
Event: 7.254 Thread 0x00000236ff404260 nmethod 2331 0x00000236e77d2210 code [0x00000236e77d25e0, 0x00000236e77d4258]
Event: 7.264 Thread 0x00000236ff404260 2335       3       sun.awt.windows.WObjectPeer::getPeerForTarget (10 bytes)
Event: 7.265 Thread 0x00000236ff404260 nmethod 2335 0x00000236e77d4f10 code [0x00000236e77d5160, 0x00000236e77d5a68]

GC Heap History (6 events):
Event: 5.153 GC heap before
{Heap before GC invocations=0 (full 0):
 garbage-first heap   total 393216K, used 16384K [0x0000000681000000, 0x0000000800000000)
  region size 4096K, 4 young (16384K), 0 survivors (0K)
 Metaspace       used 16617K, capacity 16803K, committed 16896K, reserved 1064960K
  class space    used 1691K, capacity 1769K, committed 1792K, reserved 1048576K
}
Event: 5.156 GC heap after
{Heap after GC invocations=1 (full 0):
 garbage-first heap   total 393216K, used 3457K [0x0000000681000000, 0x0000000800000000)
  region size 4096K, 1 young (4096K), 1 survivors (4096K)
 Metaspace       used 16617K, capacity 16803K, committed 16896K, reserved 1064960K
  class space    used 1691K, capacity 1769K, committed 1792K, reserved 1048576K
}
Event: 6.234 GC heap before
{Heap before GC invocations=1 (full 0):
 garbage-first heap   total 393216K, used 28033K [0x0000000681000000, 0x0000000800000000)
  region size 4096K, 5 young (20480K), 1 survivors (4096K)
 Metaspace       used 17404K, capacity 17606K, committed 17792K, reserved 1064960K
  class space    used 1769K, capacity 1866K, committed 1920K, reserved 1048576K
}
Event: 6.237 GC heap after
{Heap after GC invocations=2 (full 0):
 garbage-first heap   total 393216K, used 13805K [0x0000000681000000, 0x0000000800000000)
  region size 4096K, 1 young (4096K), 1 survivors (4096K)
 Metaspace       used 17404K, capacity 17606K, committed 17792K, reserved 1064960K
  class space    used 1769K, capacity 1866K, committed 1920K, reserved 1048576K
}
Event: 7.081 GC heap before
{Heap before GC invocations=2 (full 0):
 garbage-first heap   total 393216K, used 46573K [0x0000000681000000, 0x0000000800000000)
  region size 4096K, 9 young (36864K), 1 survivors (4096K)
 Metaspace       used 19418K, capacity 19615K, committed 19712K, reserved 1067008K
  class space    used 1972K, capacity 2040K, committed 2048K, reserved 1048576K
}
Event: 7.082 GC heap after
{Heap after GC invocations=3 (full 0):
 garbage-first heap   total 393216K, used 14417K [0x0000000681000000, 0x0000000800000000)
  region size 4096K, 1 young (4096K), 1 survivors (4096K)
 Metaspace       used 19418K, capacity 19615K, committed 19712K, reserved 1067008K
  class space    used 1972K, capacity 2040K, committed 2048K, reserved 1048576K
}

Deoptimization events (20 events):
Event: 6.745 Thread 0x00000236886a4ad0 Uncommon trap: trap_request=0xffffff45 fr.pc=0x00000236ee98d26c relative=0x00000000000011ec
Event: 6.745 Thread 0x00000236886a4ad0 Uncommon trap: reason=unstable_if action=reinterpret pc=0x00000236ee98d26c method=sun.java2d.pipe.Region.isInsideXYXY(IIII)Z @ 30 c2
Event: 6.745 Thread 0x00000236886a4ad0 DEOPT PACKING pc=0x00000236ee98d26c sp=0x000000cb0190e7c0
Event: 6.745 Thread 0x00000236886a4ad0 DEOPT UNPACKING pc=0x00000236e6e7e42f sp=0x000000cb0190e570 mode 2
Event: 6.745 Thread 0x00000236886a4ad0 Uncommon trap: trap_request=0xffffff45 fr.pc=0x00000236ee989aa8 relative=0x00000000000000a8
Event: 6.745 Thread 0x00000236886a4ad0 Uncommon trap: reason=unstable_if action=reinterpret pc=0x00000236ee989aa8 method=sun.java2d.pipe.Region.isInsideQuickCheck(Lsun/java2d/pipe/Region;)Z @ 48 c2
Event: 6.745 Thread 0x00000236886a4ad0 DEOPT PACKING pc=0x00000236ee989aa8 sp=0x000000cb0190e670
Event: 6.745 Thread 0x00000236886a4ad0 DEOPT UNPACKING pc=0x00000236e6e7e42f sp=0x000000cb0190e608 mode 2
Event: 6.751 Thread 0x00000236886a4ad0 Uncommon trap: trap_request=0xffffff45 fr.pc=0x00000236ee9877c8 relative=0x00000000000001a8
Event: 6.751 Thread 0x00000236886a4ad0 Uncommon trap: reason=unstable_if action=reinterpret pc=0x00000236ee9877c8 method=sun.java2d.pipe.Region.isInsideXYXY(IIII)Z @ 30 c2
Event: 6.751 Thread 0x00000236886a4ad0 DEOPT PACKING pc=0x00000236ee9877c8 sp=0x000000cb0190e930
Event: 6.751 Thread 0x00000236886a4ad0 DEOPT UNPACKING pc=0x00000236e6e7e42f sp=0x000000cb0190e838 mode 2
Event: 6.751 Thread 0x00000236886a4ad0 Uncommon trap: trap_request=0xffffff45 fr.pc=0x00000236ee987b74 relative=0x0000000000000074
Event: 6.751 Thread 0x00000236886a4ad0 Uncommon trap: reason=unstable_if action=reinterpret pc=0x00000236ee987b74 method=sun.java2d.pipe.Region.isInsideXYXY(IIII)Z @ 30 c2
Event: 6.751 Thread 0x00000236886a4ad0 DEOPT PACKING pc=0x00000236ee987b74 sp=0x000000cb0190e620
Event: 6.751 Thread 0x00000236886a4ad0 DEOPT UNPACKING pc=0x00000236e6e7e42f sp=0x000000cb0190e5b8 mode 2
Event: 6.894 Thread 0x00000236ff6ad6e0 Uncommon trap: trap_request=0xffffffcc fr.pc=0x00000236ee9bb950 relative=0x0000000000000330
Event: 6.894 Thread 0x00000236ff6ad6e0 Uncommon trap: reason=intrinsic_or_type_checked_inlining action=make_not_entrant pc=0x00000236ee9bb950 method=java.util.Arrays.copyOf([Ljava/lang/Object;ILjava/lang/Class;)[Ljava/lang/Object; @ 35 c2
Event: 6.894 Thread 0x00000236ff6ad6e0 DEOPT PACKING pc=0x00000236ee9bb950 sp=0x000000cb01d0f280
Event: 6.894 Thread 0x00000236ff6ad6e0 DEOPT UNPACKING pc=0x00000236e6e7e42f sp=0x000000cb01d0f210 mode 2

Classes unloaded (0 events):
No events

Classes redefined (0 events):
No events

Internal exceptions (15 events):
Event: 0.085 Thread 0x00000236e3423b90 Exception <a 'java/lang/NoSuchMethodError'{0x0000000698d2f2c8}: 'java.lang.Object java.lang.invoke.DirectMethodHandle$Holder.invokeStatic(java.lang.Object)'> (0x0000000698d2f2c8) 
thrown [./open/src/hotspot/share/interpreter/linkResolver.cpp, line 782]
Event: 0.088 Thread 0x00000236e3423b90 Exception <a 'java/lang/NoSuchMethodError'{0x0000000698d349d0}: 'java.lang.Object java.lang.invoke.DirectMethodHandle$Holder.invokeStaticInit(java.lang.Object)'> (0x0000000698d349d0) 
thrown [./open/src/hotspot/share/interpreter/linkResolver.cpp, line 782]
Event: 0.125 Thread 0x00000236e3423b90 Exception <a 'java/lang/NoSuchMethodError'{0x0000000698d718d0}: 'void java.lang.invoke.DirectMethodHandle$Holder.invokeStatic(java.lang.Object, java.lang.Object)'> (0x0000000698d718d0) 
thrown [./open/src/hotspot/share/interpreter/linkResolver.cpp, line 782]
Event: 0.143 Thread 0x00000236e3423b90 Exception <a 'java/lang/NoSuchMethodError'{0x0000000698d957b8}: 'void java.lang.invoke.DirectMethodHandle$Holder.invokeSpecial(java.lang.Object, java.lang.Object, java.lang.Object)'> (0x0000000698d957b8) 
thrown [./open/src/hotspot/share/interpreter/linkResolver.cpp, line 782]
Event: 0.167 Thread 0x00000236e3423b90 Exception <a 'java/lang/ClassNotFoundException'{0x0000000698dee2e8}: sun/awt/resources/spi/awtProvider> (0x0000000698dee2e8) 
thrown [./open/src/hotspot/share/classfile/systemDictionary.cpp, line 295]
Event: 0.182 Thread 0x00000236e3423b90 Exception <a 'java/io/FileNotFoundException'{0x0000000698e3e6c8}> (0x0000000698e3e6c8) 
thrown [./open/src/hotspot/share/prims/jni.cpp, line 578]
Event: 0.187 Thread 0x00000236e3423b90 Exception <a 'java/io/FileNotFoundException'{0x0000000698e6d420}> (0x0000000698e6d420) 
thrown [./open/src/hotspot/share/prims/jni.cpp, line 578]
Event: 0.427 Thread 0x00000236e3423b90 Exception <a 'java/lang/NoSuchMethodError'{0x0000000698f7b138}: 'java.lang.Object java.lang.invoke.DirectMethodHandle$Holder.newInvokeSpecial(java.lang.Object, java.lang.Object, java.lang.Object, java.lang.Object, java.lang.Object)'> (0x0000000698f7b138) 
thrown [./open/src/hotspot/share/interpreter/linkResolver.cpp, line 782]
Event: 0.428 Thread 0x00000236e3423b90 Exception <a 'java/lang/NoSuchMethodError'{0x0000000698f86bc8}: 'java.lang.Object java.lang.invoke.DirectMethodHandle$Holder.invokeStatic(java.lang.Object, int, java.lang.Object, java.lang.Object, java.lang.Object, java.lang.Object)'> (0x0000000698f86bc8) 
thrown [./open/src/hotspot/share/interpreter/linkResolver.cpp, line 782]
Event: 0.430 Thread 0x00000236e3423b90 Exception <a 'java/lang/NoSuchMethodError'{0x0000000698fad180}: 'java.lang.Object java.lang.invoke.DirectMethodHandle$Holder.invokeStatic(java.lang.Object, int, java.lang.Object)'> (0x0000000698fad180) 
thrown [./open/src/hotspot/share/interpreter/linkResolver.cpp, line 782]
Event: 0.443 Thread 0x00000236e3423b90 Exception <a 'java/lang/ClassNotFoundException'{0x0000000698865870}: com/sun/swing/internal/plaf/metal/resources/spi/metalProvider> (0x0000000698865870) 
thrown [./open/src/hotspot/share/classfile/systemDictionary.cpp, line 295]
Event: 0.443 Thread 0x00000236e3423b90 Exception <a 'java/lang/ClassNotFoundException'{0x00000006988698e0}: com/sun/swing/internal/plaf/basic/resources/spi/basicProvider> (0x00000006988698e0) 
thrown [./open/src/hotspot/share/classfile/systemDictionary.cpp, line 295]
Event: 0.454 Thread 0x000002368862bc20 Exception <a 'java/lang/NoSuchMethodError'{0x00000006988b5858}: 'java.lang.Object java.lang.invoke.DirectMethodHandle$Holder.newInvokeSpecial(java.lang.Object, java.lang.Object, java.lang.Object, int, int, int, int, int)'> (0x00000006988b5858) 
thrown [./open/src/hotspot/share/interpreter/linkResolver.cpp, line 782]
Event: 0.514 Thread 0x00000236e3423b90 Exception <a 'java/lang/NoSuchMethodError'{0x00000006989f7730}: 'void java.lang.invoke.DirectMethodHandle$Holder.invokeStaticInit(java.lang.Object)'> (0x00000006989f7730) 
thrown [./open/src/hotspot/share/interpreter/linkResolver.cpp, line 782]
Event: 0.522 Thread 0x00000236e3423b90 Exception <a 'java/io/FileNotFoundException'{0x0000000698a043c0}> (0x0000000698a043c0) 
thrown [./open/src/hotspot/share/prims/jni.cpp, line 578]

Events (20 events):
Event: 6.709 loading class javax/swing/text/ComponentView done
Event: 6.711 loading class javax/swing/text/ComponentView$Invalidator
Event: 6.711 loading class javax/swing/text/ComponentView$Invalidator done
Event: 6.711 loading class javax/swing/plaf/basic/BasicTextAreaUI
Event: 6.711 loading class javax/swing/plaf/basic/BasicTextAreaUI done
Event: 6.712 loading class javax/swing/text/WrappedPlainView
Event: 6.712 loading class javax/swing/text/WrappedPlainView done
Event: 6.712 loading class javax/swing/text/WrappedPlainView$WrappedLine
Event: 6.712 loading class javax/swing/text/WrappedPlainView$WrappedLine done
Event: 6.722 loading class javax/swing/text/WhitespaceBasedBreakIterator
Event: 6.722 loading class javax/swing/text/WhitespaceBasedBreakIterator done
Event: 6.741 Executing VM operation: ICBufferFull
Event: 6.741 Executing VM operation: ICBufferFull done
Event: 6.741 Executing VM operation: HandshakeAllThreads
Event: 6.741 Executing VM operation: HandshakeAllThreads done
Event: 7.081 Executing VM operation: G1CollectForAllocation
Event: 7.082 Executing VM operation: G1CollectForAllocation done
Event: 7.082 Executing VM operation: HandshakeAllThreads
Event: 7.082 Executing VM operation: HandshakeAllThreads done
Event: 7.084 Loaded shared library C:\Program Files (x86)\eclipse\plugins\org.eclipse.justj.openjdk.hotspot.jre.full.win32.x86_64_15.0.1.v20201027-0507\jre\bin\awt.dll


Dynamic libraries:
0x00007ff798310000 - 0x00007ff79831d000 	C:\Program Files (x86)\eclipse\plugins\org.eclipse.justj.openjdk.hotspot.jre.full.win32.x86_64_15.0.1.v20201027-0507\jre\bin\javaw.exe
0x00007ff938d20000 - 0x00007ff938f10000 	C:\WINDOWS\SYSTEM32\ntdll.dll
0x00007ff938380000 - 0x00007ff938432000 	C:\WINDOWS\System32\KERNEL32.DLL
0x00007ff936630000 - 0x00007ff9368d5000 	C:\WINDOWS\System32\KERNELBASE.dll
0x00007ff936a70000 - 0x00007ff936b6a000 	C:\WINDOWS\System32\ucrtbase.dll
0x00007ff920750000 - 0x00007ff920769000 	C:\Program Files (x86)\eclipse\plugins\org.eclipse.justj.openjdk.hotspot.jre.full.win32.x86_64_15.0.1.v20201027-0507\jre\bin\VCRUNTIME140.dll
0x00007ff91fba0000 - 0x00007ff91fbb8000 	C:\Program Files (x86)\eclipse\plugins\org.eclipse.justj.openjdk.hotspot.jre.full.win32.x86_64_15.0.1.v20201027-0507\jre\bin\jli.dll
0x00007ff937b40000 - 0x00007ff937cd4000 	C:\WINDOWS\System32\USER32.dll
0x00007ff936b70000 - 0x00007ff936b91000 	C:\WINDOWS\System32\win32u.dll
0x00007ff9382f0000 - 0x00007ff938316000 	C:\WINDOWS\System32\GDI32.dll
0x00007ff936ba0000 - 0x00007ff936d38000 	C:\WINDOWS\System32\gdi32full.dll
0x00007ff936590000 - 0x00007ff93662e000 	C:\WINDOWS\System32\msvcp_win.dll
0x00007ff920af0000 - 0x00007ff920d74000 	C:\WINDOWS\WinSxS\amd64_microsoft.windows.common-controls_6595b64144ccf1df_6.0.18362.1440_none_9e7dbfb9e45e8e67\COMCTL32.dll
0x00007ff938250000 - 0x00007ff9382ee000 	C:\WINDOWS\System32\msvcrt.dll
0x00007ff9376b0000 - 0x00007ff9379e6000 	C:\WINDOWS\System32\combase.dll
0x00007ff938b40000 - 0x00007ff938c5f000 	C:\WINDOWS\System32\RPCRT4.dll
0x00007ff936d40000 - 0x00007ff936dc1000 	C:\WINDOWS\System32\bcryptPrimitives.dll
0x00007ff938070000 - 0x00007ff93809e000 	C:\WINDOWS\System32\IMM32.DLL
0x00007ff9216c0000 - 0x00007ff9216cc000 	C:\Program Files (x86)\eclipse\plugins\org.eclipse.justj.openjdk.hotspot.jre.full.win32.x86_64_15.0.1.v20201027-0507\jre\bin\vcruntime140_1.dll
0x00007ff918530000 - 0x00007ff9185c1000 	C:\Program Files (x86)\eclipse\plugins\org.eclipse.justj.openjdk.hotspot.jre.full.win32.x86_64_15.0.1.v20201027-0507\jre\bin\msvcp140.dll
0x00007ff8d9a40000 - 0x00007ff8da59e000 	C:\Program Files (x86)\eclipse\plugins\org.eclipse.justj.openjdk.hotspot.jre.full.win32.x86_64_15.0.1.v20201027-0507\jre\bin\server\jvm.dll
0x00007ff936f60000 - 0x00007ff937003000 	C:\WINDOWS\System32\ADVAPI32.dll
0x00007ff937aa0000 - 0x00007ff937b37000 	C:\WINDOWS\System32\sechost.dll
0x00007ff938440000 - 0x00007ff938448000 	C:\WINDOWS\System32\PSAPI.DLL
0x00007ff92fd10000 - 0x00007ff92fd1a000 	C:\WINDOWS\SYSTEM32\VERSION.dll
0x00007ff920ed0000 - 0x00007ff920ed9000 	C:\WINDOWS\SYSTEM32\WSOCK32.dll
0x00007ff9338c0000 - 0x00007ff9338e4000 	C:\WINDOWS\SYSTEM32\WINMM.dll
0x00007ff937090000 - 0x00007ff9370ff000 	C:\WINDOWS\System32\WS2_32.dll
0x00007ff933890000 - 0x00007ff9338bd000 	C:\WINDOWS\SYSTEM32\winmmbase.dll
0x00007ff935c90000 - 0x00007ff935cda000 	C:\WINDOWS\System32\cfgmgr32.dll
0x00007ff935be0000 - 0x00007ff935bf1000 	C:\WINDOWS\System32\kernel.appcore.dll
0x00007ff922b60000 - 0x00007ff922b6a000 	C:\Program Files (x86)\eclipse\plugins\org.eclipse.justj.openjdk.hotspot.jre.full.win32.x86_64_15.0.1.v20201027-0507\jre\bin\jimage.dll
0x00007ff934580000 - 0x00007ff934774000 	C:\WINDOWS\SYSTEM32\DBGHELP.DLL
0x00007ff92b920000 - 0x00007ff92b94a000 	C:\WINDOWS\SYSTEM32\dbgcore.DLL
0x00007ff91f790000 - 0x00007ff91f7b5000 	C:\Program Files (x86)\eclipse\plugins\org.eclipse.justj.openjdk.hotspot.jre.full.win32.x86_64_15.0.1.v20201027-0507\jre\bin\java.dll
0x00007ff9222e0000 - 0x00007ff9222f8000 	C:\Program Files (x86)\eclipse\plugins\org.eclipse.justj.openjdk.hotspot.jre.full.win32.x86_64_15.0.1.v20201027-0507\jre\bin\zip.dll
0x00007ff938450000 - 0x00007ff938b38000 	C:\WINDOWS\System32\SHELL32.dll
0x00007ff937f60000 - 0x00007ff938007000 	C:\WINDOWS\System32\shcore.dll
0x00007ff935ce0000 - 0x00007ff93645b000 	C:\WINDOWS\System32\windows.storage.dll
0x00007ff935c00000 - 0x00007ff935c1e000 	C:\WINDOWS\System32\profapi.dll
0x00007ff935c40000 - 0x00007ff935c8a000 	C:\WINDOWS\System32\powrprof.dll
0x00007ff935bd0000 - 0x00007ff935be0000 	C:\WINDOWS\System32\UMPDC.dll
0x00007ff9381f0000 - 0x00007ff938242000 	C:\WINDOWS\System32\shlwapi.dll
0x00007ff936510000 - 0x00007ff936527000 	C:\WINDOWS\System32\cryptsp.dll
0x00007ff91e670000 - 0x00007ff91e689000 	C:\Program Files (x86)\eclipse\plugins\org.eclipse.justj.openjdk.hotspot.jre.full.win32.x86_64_15.0.1.v20201027-0507\jre\bin\net.dll
0x00007ff92e1e0000 - 0x00007ff92e2da000 	C:\WINDOWS\SYSTEM32\WINHTTP.dll
0x00007ff9353b0000 - 0x00007ff935417000 	C:\WINDOWS\system32\mswsock.dll
0x00007ff91e650000 - 0x00007ff91e662000 	C:\Program Files (x86)\eclipse\plugins\org.eclipse.justj.openjdk.hotspot.jre.full.win32.x86_64_15.0.1.v20201027-0507\jre\bin\nio.dll
0x00007ff921660000 - 0x00007ff921676000 	C:\WINDOWS\system32\napinsp.dll
0x00007ff9213e0000 - 0x00007ff9213fa000 	C:\WINDOWS\system32\pnrpnsp.dll
0x00007ff935100000 - 0x00007ff9351cb000 	C:\WINDOWS\SYSTEM32\DNSAPI.dll
0x00007ff936dd0000 - 0x00007ff936dd8000 	C:\WINDOWS\System32\NSI.dll
0x00007ff9350c0000 - 0x00007ff9350fa000 	C:\WINDOWS\SYSTEM32\IPHLPAPI.DLL
0x00007ff9213d0000 - 0x00007ff9213de000 	C:\WINDOWS\System32\winrnr.dll
0x00007ff932100000 - 0x00007ff93211c000 	C:\WINDOWS\system32\NLAapi.dll
0x00007ff925bc0000 - 0x00007ff925bd5000 	C:\WINDOWS\system32\wshbth.dll
0x00007ff92ef60000 - 0x00007ff92ef6a000 	C:\Windows\System32\rasadhlp.dll
0x00007ff92f3b0000 - 0x00007ff92f427000 	C:\WINDOWS\System32\fwpuclnt.dll
0x00007ff9368e0000 - 0x00007ff936906000 	C:\WINDOWS\System32\bcrypt.dll
0x00007ff8cff10000 - 0x00007ff8d008f000 	C:\Program Files (x86)\eclipse\plugins\org.eclipse.justj.openjdk.hotspot.jre.full.win32.x86_64_15.0.1.v20201027-0507\jre\bin\awt.dll
0x00007ff937e90000 - 0x00007ff937f55000 	C:\WINDOWS\System32\OLEAUT32.dll
0x00007ff933b40000 - 0x00007ff933bcf000 	C:\WINDOWS\SYSTEM32\apphelp.dll
0x00007ff934230000 - 0x00007ff93425d000 	C:\WINDOWS\system32\DWMAPI.DLL
0x00007ff933c40000 - 0x00007ff933cd9000 	C:\WINDOWS\system32\uxtheme.dll
0x00007ff8e3690000 - 0x00007ff8e37e6000 	C:\WINDOWS\system32\opengl32.dll
0x00007ff91a0f0000 - 0x00007ff91a11c000 	C:\WINDOWS\SYSTEM32\GLU32.dll
0x00007ff934880000 - 0x00007ff9348a0000 	C:\WINDOWS\SYSTEM32\dxcore.dll
0x00007ff937570000 - 0x00007ff9376a5000 	C:\WINDOWS\System32\MSCTF.dll
0x00007ff936e00000 - 0x00007ff936f57000 	C:\WINDOWS\System32\ole32.dll
0x00007ff92ab00000 - 0x00007ff92acc7000 	C:\WINDOWS\system32\d3d9.dll
0x00007ff92dc60000 - 0x00007ff92dd62000 	C:\WINDOWS\System32\DriverStore\FileRepository\nv_dispi.inf_amd64_1c83a5d7cffd7bff\nvldumdx.dll
0x00007ff935c20000 - 0x00007ff935c32000 	C:\WINDOWS\System32\msasn1.dll
0x00007ff92f4d0000 - 0x00007ff92f4ff000 	C:\WINDOWS\SYSTEM32\cryptnet.dll
0x00007ff936910000 - 0x00007ff936a61000 	C:\WINDOWS\System32\CRYPT32.dll
0x00007ff935580000 - 0x00007ff93558c000 	C:\WINDOWS\SYSTEM32\cryptbase.dll
0x00007ff936530000 - 0x00007ff93658c000 	C:\WINDOWS\System32\WINTRUST.DLL
0x00007ff936de0000 - 0x00007ff936dfd000 	C:\WINDOWS\System32\imagehlp.dll
0x00007ff934f30000 - 0x00007ff934f63000 	C:\WINDOWS\system32\rsaenh.dll
0x00007ff8cc260000 - 0x00007ff8cdc7b000 	C:\WINDOWS\System32\DriverStore\FileRepository\nv_dispi.inf_amd64_1c83a5d7cffd7bff\nvd3dumx.dll
0x00007ff91fc20000 - 0x00007ff91fed9000 	C:\WINDOWS\system32\nvspcap64.dll
0x00007ff934c10000 - 0x00007ff934c41000 	C:\WINDOWS\SYSTEM32\ntmarta.dll
0x00007ff9347c0000 - 0x00007ff9347e2000 	C:\WINDOWS\SYSTEM32\gpapi.dll
0x00007ff916290000 - 0x00007ff916315000 	C:\Program Files (x86)\eclipse\plugins\org.eclipse.justj.openjdk.hotspot.jre.full.win32.x86_64_15.0.1.v20201027-0507\jre\bin\freetype.dll
0x00007ff9103b0000 - 0x00007ff910459000 	C:\Program Files (x86)\eclipse\plugins\org.eclipse.justj.openjdk.hotspot.jre.full.win32.x86_64_15.0.1.v20201027-0507\jre\bin\fontmanager.dll
0x00007ff9379f0000 - 0x00007ff937a92000 	C:\WINDOWS\System32\clbcatq.dll
0x00007ff930d90000 - 0x00007ff930f3f000 	C:\WINDOWS\SYSTEM32\WindowsCodecs.dll
0x00007ff915c40000 - 0x00007ff915c7b000 	C:\WINDOWS\system32\dataexchange.dll
0x00007ff933210000 - 0x00007ff9333ed000 	C:\WINDOWS\system32\dcomp.dll
0x00007ff932fb0000 - 0x00007ff93320b000 	C:\WINDOWS\system32\d3d11.dll
0x00007ff9348a0000 - 0x00007ff93498b000 	C:\WINDOWS\system32\dxgi.dll
0x00007ff933d00000 - 0x00007ff933f5a000 	C:\WINDOWS\system32\twinapi.appcore.dll
0x00007ff934140000 - 0x00007ff934169000 	C:\WINDOWS\system32\RMCLIENT.dll
0x00007ff919d80000 - 0x00007ff919e1d000 	C:\WINDOWS\System32\TextInputFramework.dll
0x00007ff931710000 - 0x00007ff931a3a000 	C:\WINDOWS\System32\CoreUIComponents.dll
0x00007ff9337b0000 - 0x00007ff933884000 	C:\WINDOWS\System32\CoreMessaging.dll
0x00007ff931510000 - 0x00007ff931662000 	C:\WINDOWS\SYSTEM32\wintypes.dll
0x00007ff921c30000 - 0x00007ff921c95000 	C:\WINDOWS\system32\Oleacc.dll
0x00007ff92a170000 - 0x00007ff92a417000 	C:\WINDOWS\System32\iertutil.dll
0x00007ff9154e0000 - 0x00007ff9155af000 	C:\Windows\System32\IME\IMEKR\imkrtip.dll
0x00007ff932280000 - 0x00007ff932370000 	C:\WINDOWS\SYSTEM32\PROPSYS.dll
0x00007ff914ce0000 - 0x00007ff914e19000 	C:\Windows\System32\IME\shared\imetip.dll
0x00007ff9120d0000 - 0x00007ff912283000 	C:\WINDOWS\SYSTEM32\DUI70.dll
0x00007ff919880000 - 0x00007ff9198be000 	C:\Windows\System32\IME\IMEKR\imkrapi.dll
0x00007ff9159d0000 - 0x00007ff915a0c000 	C:\Windows\System32\IME\shared\imjkapi.dll
0x00007ff918500000 - 0x00007ff91852d000 	C:\Program Files (x86)\eclipse\plugins\org.eclipse.justj.openjdk.hotspot.jre.full.win32.x86_64_15.0.1.v20201027-0507\jre\bin\javajpeg.dll

dbghelp: loaded successfully - version: 4.0.5 - missing functions: none
symbol engine: initialized successfully - sym options: 0x614 - pdb path: .;C:\Program Files (x86)\eclipse\plugins\org.eclipse.justj.openjdk.hotspot.jre.full.win32.x86_64_15.0.1.v20201027-0507\jre\bin;C:\WINDOWS\SYSTEM32;C:\WINDOWS\WinSxS\amd64_microsoft.windows.common-controls_6595b64144ccf1df_6.0.18362.1440_none_9e7dbfb9e45e8e67;C:\Program Files (x86)\eclipse\plugins\org.eclipse.justj.openjdk.hotspot.jre.full.win32.x86_64_15.0.1.v20201027-0507\jre\bin\server;C:\WINDOWS\System32\DriverStore\FileRepository\nv_dispi.inf_amd64_1c83a5d7cffd7bff;C:\Windows\System32\IME\IMEKR;C:\Windows\System32\IME\shared

VM Arguments:
jvm_args: -Dfile.encoding=UTF-8 -XX:+ShowCodeDetailsInExceptionMessages 
java_command: Main.Main
java_class_path (initial): C:\Users\jungh\eclipse-workspace\TALK\bin;C:\Users\jungh\Desktop\[Ú¦]ÀÚ·á\commons-io-2.6.jar;C:\Users\jungh\Desktop\myfile\mysql-connector-java-8.0.23.jar
Launcher Type: SUN_STANDARD

[Global flags]
     intx CICompilerCount                          = 3                                         {product} {ergonomic}
     uint ConcGCThreads                            = 2                                         {product} {ergonomic}
     uint G1ConcRefinementThreads                  = 6                                         {product} {ergonomic}
   size_t G1HeapRegionSize                         = 4194304                                   {product} {ergonomic}
    uintx GCDrainStackTargetSize                   = 64                                        {product} {ergonomic}
   size_t InitialHeapSize                          = 402653184                                 {product} {ergonomic}
   size_t MarkStackSize                            = 4194304                                   {product} {ergonomic}
   size_t MaxHeapSize                              = 6425673728                                {product} {ergonomic}
   size_t MaxNewSize                               = 3854565376                                {product} {ergonomic}
   size_t MinHeapDeltaBytes                        = 4194304                                   {product} {ergonomic}
   size_t MinHeapSize                              = 8388608                                   {product} {ergonomic}
    uintx NonNMethodCodeHeapSize                   = 5832780                                {pd product} {ergonomic}
    uintx NonProfiledCodeHeapSize                  = 122912730                              {pd product} {ergonomic}
    uintx ProfiledCodeHeapSize                     = 122912730                              {pd product} {ergonomic}
    uintx ReservedCodeCacheSize                    = 251658240                              {pd product} {ergonomic}
     bool SegmentedCodeCache                       = true                                      {product} {ergonomic}
     bool ShowCodeDetailsInExceptionMessages       = true                                   {manageable} {command line}
   size_t SoftMaxHeapSize                          = 6425673728                             {manageable} {ergonomic}
     bool UseCompressedClassPointers               = true                                 {lp64_product} {ergonomic}
     bool UseCompressedOops                        = true                                 {lp64_product} {ergonomic}
     bool UseG1GC                                  = true                                      {product} {ergonomic}
     bool UseLargePagesIndividualAllocation        = false                                  {pd product} {ergonomic}

Logging:
Log output configuration:
 #0: stdout all=warning uptime,level,tags
 #1: stderr all=off uptime,level,tags

Environment Variables:
JAVA_HOME=C:\Program Files\Java\jdk1.8.0_271
PATH=C:/Program Files (x86)/eclipse//plugins/org.eclipse.justj.openjdk.hotspot.jre.full.win32.x86_64_15.0.1.v20201027-0507/jre/bin/server;C:/Program Files (x86)/eclipse//plugins/org.eclipse.justj.openjdk.hotspot.jre.full.win32.x86_64_15.0.1.v20201027-0507/jre/bin;C:\Program Files (x86)\NAT Service;C:\Program Files (x86)\Common Files\Oracle\Java\javapath;C:\Windows\system32;C:\Windows;C:\Windows\System32\Wbem;C:\Windows\System32\WindowsPowerShell\v1.0\;C:\Windows\System32\OpenSSH\;C:\Program Files\NVIDIA Corporation\NVIDIA NvDLISR;C:\Program Files (x86)\NVIDIA Corporation\PhysX\Common;C:\WINDOWS\system32;C:\WINDOWS;C:\WINDOWS\System32\Wbem;C:\WINDOWS\System32\WindowsPowerShell\v1.0\;C:\WINDOWS\System32\OpenSSH\;C:\Program Files\Java\jdk1.8.0_271\bin\;C:\Program Files\MySQL\MySQL Server 8.0\bin;C:\Program Files\MySQL\MySQL Shell 8.0\bin\;C:\Users\jungh\AppData\Local\Microsoft\WindowsApps;C:\Program Files\Bandizip\;;C:\Users\jungh\AppData\Local\afreeca;C:\Program Files (x86)\eclipse;
USERNAME=Ú¦
OS=Windows_NT
PROCESSOR_IDENTIFIER=AMD64 Family 23 Model 113 Stepping 0, AuthenticAMD



---------------  S Y S T E M  ---------------

OS:
 Windows 10 , 64 bit Build 18362 (10.0.18362.1350)
OS uptime: 0 days 16:40 hours

CPU: total 6 (initial active 6) (6 cores per cpu, 1 threads per core) family 23 model 113 stepping 0 microcode 0x0, cmov, cx8, fxsr, mmx, sse, sse2, sse3, ssse3, sse4.1, sse4.2, popcnt, vzeroupper, avx, avx2, aes, clmul, 3dnowpref, lzcnt, sse4a, tsc, tscinvbit, tscinv, bmi1, bmi2, adx, sha, fma, clflush, clflushopt

Memory: 4k page, system-wide physical 24510M (13764M free)
TotalPageFile size 46415M (AvailPageFile size 8M)
current process WorkingSet (physical memory assigned to process): 187M, peak: 191M
current process commit charge ("private bytes"): 573M, peak: 576M

vm_info: OpenJDK 64-Bit Server VM (15.0.1+9-18) for windows-amd64 JRE (15.0.1+9-18), built on Sep 15 2020 14:39:31 by "mach5one" with unknown MS VC++:1925

END.
