#
# There is insufficient memory for the Java Runtime Environment to continue.
# Native memory allocation (mmap) failed to map 402653184 bytes for G1 virtual space
# Possible reasons:
#   The system is out of physical RAM or swap space
#   The process is running with CompressedOops enabled, and the Java Heap may be blocking the growth of the native heap
# Possible solutions:
#   Reduce memory load on the system
#   Increase physical memory or swap space
#   Check if swap backing store is full
#   Decrease Java heap size (-Xmx/-Xms)
#   Decrease number of Java threads
#   Decrease Java thread stack sizes (-Xss)
#   Set larger code cache with -XX:ReservedCodeCacheSize=
#   JVM is running with Zero Based Compressed Oops mode in which the Java heap is
#     placed in the first 32GB address space. The Java Heap base address is the
#     maximum limit for the native heap growth. Please use -XX:HeapBaseMinAddress
#     to set the Java Heap base and to place the Java Heap above 32GB virtual address.
# This output file may be truncated or incomplete.
#
#  Out of Memory Error (./open/src/hotspot/os/windows/os_windows.cpp:3472), pid=7720, tid=26212
#
# JRE version:  (15.0.1+9) (build )
# Java VM: OpenJDK 64-Bit Server VM (15.0.1+9-18, mixed mode, sharing, tiered, compressed oops, g1 gc, windows-amd64)
# No core dump will be written. Minidumps are not enabled by default on client versions of Windows
#

---------------  S U M M A R Y ------------

Command Line: -Dfile.encoding=UTF-8 -XX:+ShowCodeDetailsInExceptionMessages Main.Main

Host: AMD Ryzen 5 3500X 6-Core Processor             , 6 cores, 23G,  Windows 10 , 64 bit Build 18362 (10.0.18362.1350)
Time: Tue Apr 20 10:55:33 2021 ¢¥eCN©öI¡¾©ö C¡ÍA¨ª¨öA elapsed time: 0.017045 seconds (0d 0h 0m 0s)

---------------  T H R E A D  ---------------

Current thread (0x000001e19bc203d0):  JavaThread "Unknown thread" [_thread_in_vm, id=26212, stack(0x0000009766400000,0x0000009766500000)]

Stack: [0x0000009766400000,0x0000009766500000]
Native frames: (J=compiled Java code, j=interpreted, Vv=VM code, C=native code)
V  [jvm.dll+0x62ae9a]
V  [jvm.dll+0x781389]
V  [jvm.dll+0x782ae3]
V  [jvm.dll+0x783143]
V  [jvm.dll+0x216265]
V  [jvm.dll+0x6281d9]
V  [jvm.dll+0x61cd15]
V  [jvm.dll+0x2d01fd]
V  [jvm.dll+0x2d0062]
V  [jvm.dll+0x2d603c]
V  [jvm.dll+0x325b2a]
V  [jvm.dll+0x3251f4]
V  [jvm.dll+0x2a717a]
V  [jvm.dll+0x2a8318]
V  [jvm.dll+0x75e101]
V  [jvm.dll+0x3343e4]
V  [jvm.dll+0x73e826]
V  [jvm.dll+0x3b7777]
V  [jvm.dll+0x3b9201]
C  [jli.dll+0x52fb]
C  [ucrtbase.dll+0x210b2]
C  [KERNEL32.DLL+0x17c24]
C  [ntdll.dll+0x6d721]


---------------  P R O C E S S  ---------------

Threads class SMR info:
_java_thread_list=0x00007ff8da504ff0, length=0, elements={
}

Java Threads: ( => current thread )

Other Threads:
  0x000001e19bc80f60 GCTaskThread "GC Thread#0" [stack: 0x0000009766500000,0x0000009766600000] [id=24876]
  0x000001e19bc908f0 ConcurrentGCThread "G1 Main Marker" [stack: 0x0000009766600000,0x0000009766700000] [id=5652]
  0x000001e19bc91c10 ConcurrentGCThread "G1 Conc#0" [stack: 0x0000009766700000,0x0000009766800000] [id=19948]

[error occurred during error reporting (printing all threads), id 0xc0000005, EXCEPTION_ACCESS_VIOLATION (0xc0000005) at pc=0x00007ff8d9cf8047]

VM state: not at safepoint (not fully initialized)

VM Mutex/Monitor currently owned by a thread:  ([mutex/lock_event])
[0x000001e19bc1c6c0] Heap_lock - owner thread: 0x000001e19bc203d0

Heap address: 0x0000000681000000, size: 6128 MB, Compressed Oops mode: Zero based, Oop shift amount: 3
CDS archive(s) mapped at: [0x0000000000000000-0x0000000000000000-0x0000000000000000), size 0, SharedBaseAddress: 0x0000000800000000, ArchiveRelocationMode: 0.
Narrow klass base: 0x0000000000000000, Narrow klass shift: 0, Narrow klass range: 0x0

Heap:
 garbage-first heap   total 393216K, used 0K [0x0000000681000000, 0x0000000800000000)
  region size 4096K, 0 young (0K), 0 survivors (0K)
 Metaspace       used 0K, capacity 0K, committed 0K, reserved 0K
  class space    used 0K, capacity 0K, committed 0K, reserved 0K

Heap Regions: E=young(eden), S=young(survivor), O=old, HS=humongous(starts), HC=humongous(continues), CS=collection set, F=free, OA=open archive, CA=closed archive, TAMS=top-at-mark-start (previous, next)

Card table byte_map: [0x000001e1b1260000,0x000001e1b1e60000] _byte_map_base: 0x000001e1ade58000

Marking Bits (Prev, Next): (CMBitMap*) 0x000001e19bc826f0, (CMBitMap*) 0x000001e19bc82730
 Prev Bits: [0x000001e1b2a60000, 0x000001e1b8a20000)
 Next Bits: [0x000001e1b8a20000, 0x000001e1be9e0000)

GC Heap History (0 events):
No events

Deoptimization events (0 events):
No events

Classes unloaded (0 events):
No events

Classes redefined (0 events):
No events

Internal exceptions (0 events):
No events

Events (1 events):
Event: 0.013 Loaded shared library C:\Program Files (x86)\eclipse\plugins\org.eclipse.justj.openjdk.hotspot.jre.full.win32.x86_64_15.0.1.v20201027-0507\jre\bin\java.dll


Dynamic libraries:
0x00007ff798310000 - 0x00007ff79831d000 	C:\Program Files (x86)\eclipse\plugins\org.eclipse.justj.openjdk.hotspot.jre.full.win32.x86_64_15.0.1.v20201027-0507\jre\bin\javaw.exe
0x00007ff938d20000 - 0x00007ff938f10000 	C:\WINDOWS\SYSTEM32\ntdll.dll
0x00007ff938380000 - 0x00007ff938432000 	C:\WINDOWS\System32\KERNEL32.DLL
0x00007ff936630000 - 0x00007ff9368d5000 	C:\WINDOWS\System32\KERNELBASE.dll
0x00007ff936a70000 - 0x00007ff936b6a000 	C:\WINDOWS\System32\ucrtbase.dll
0x00007ff920750000 - 0x00007ff920769000 	C:\Program Files (x86)\eclipse\plugins\org.eclipse.justj.openjdk.hotspot.jre.full.win32.x86_64_15.0.1.v20201027-0507\jre\bin\VCRUNTIME140.dll
0x00007ff91fba0000 - 0x00007ff91fbb8000 	C:\Program Files (x86)\eclipse\plugins\org.eclipse.justj.openjdk.hotspot.jre.full.win32.x86_64_15.0.1.v20201027-0507\jre\bin\jli.dll
0x00007ff937b40000 - 0x00007ff937cd4000 	C:\WINDOWS\System32\USER32.dll
0x00007ff936b70000 - 0x00007ff936b91000 	C:\WINDOWS\System32\win32u.dll
0x00007ff9382f0000 - 0x00007ff938316000 	C:\WINDOWS\System32\GDI32.dll
0x00007ff936ba0000 - 0x00007ff936d38000 	C:\WINDOWS\System32\gdi32full.dll
0x00007ff936590000 - 0x00007ff93662e000 	C:\WINDOWS\System32\msvcp_win.dll
0x00007ff920af0000 - 0x00007ff920d74000 	C:\WINDOWS\WinSxS\amd64_microsoft.windows.common-controls_6595b64144ccf1df_6.0.18362.1440_none_9e7dbfb9e45e8e67\COMCTL32.dll
0x00007ff938250000 - 0x00007ff9382ee000 	C:\WINDOWS\System32\msvcrt.dll
0x00007ff9376b0000 - 0x00007ff9379e6000 	C:\WINDOWS\System32\combase.dll
0x00007ff938b40000 - 0x00007ff938c5f000 	C:\WINDOWS\System32\RPCRT4.dll
0x00007ff936d40000 - 0x00007ff936dc1000 	C:\WINDOWS\System32\bcryptPrimitives.dll
0x00007ff938070000 - 0x00007ff93809e000 	C:\WINDOWS\System32\IMM32.DLL
0x00007ff9216c0000 - 0x00007ff9216cc000 	C:\Program Files (x86)\eclipse\plugins\org.eclipse.justj.openjdk.hotspot.jre.full.win32.x86_64_15.0.1.v20201027-0507\jre\bin\vcruntime140_1.dll
0x00007ff918530000 - 0x00007ff9185c1000 	C:\Program Files (x86)\eclipse\plugins\org.eclipse.justj.openjdk.hotspot.jre.full.win32.x86_64_15.0.1.v20201027-0507\jre\bin\msvcp140.dll
0x00007ff8d9a40000 - 0x00007ff8da59e000 	C:\Program Files (x86)\eclipse\plugins\org.eclipse.justj.openjdk.hotspot.jre.full.win32.x86_64_15.0.1.v20201027-0507\jre\bin\server\jvm.dll
0x00007ff936f60000 - 0x00007ff937003000 	C:\WINDOWS\System32\ADVAPI32.dll
0x00007ff937aa0000 - 0x00007ff937b37000 	C:\WINDOWS\System32\sechost.dll
0x00007ff938440000 - 0x00007ff938448000 	C:\WINDOWS\System32\PSAPI.DLL
0x00007ff9338c0000 - 0x00007ff9338e4000 	C:\WINDOWS\SYSTEM32\WINMM.dll
0x00007ff920ed0000 - 0x00007ff920ed9000 	C:\WINDOWS\SYSTEM32\WSOCK32.dll
0x00007ff92fd10000 - 0x00007ff92fd1a000 	C:\WINDOWS\SYSTEM32\VERSION.dll
0x00007ff937090000 - 0x00007ff9370ff000 	C:\WINDOWS\System32\WS2_32.dll
0x00007ff933890000 - 0x00007ff9338bd000 	C:\WINDOWS\SYSTEM32\winmmbase.dll
0x00007ff935c90000 - 0x00007ff935cda000 	C:\WINDOWS\System32\cfgmgr32.dll
0x00007ff935be0000 - 0x00007ff935bf1000 	C:\WINDOWS\System32\kernel.appcore.dll
0x00007ff922b60000 - 0x00007ff922b6a000 	C:\Program Files (x86)\eclipse\plugins\org.eclipse.justj.openjdk.hotspot.jre.full.win32.x86_64_15.0.1.v20201027-0507\jre\bin\jimage.dll
0x00007ff934580000 - 0x00007ff934774000 	C:\WINDOWS\SYSTEM32\DBGHELP.DLL
0x00007ff92b920000 - 0x00007ff92b94a000 	C:\WINDOWS\SYSTEM32\dbgcore.DLL
0x00007ff91f790000 - 0x00007ff91f7b5000 	C:\Program Files (x86)\eclipse\plugins\org.eclipse.justj.openjdk.hotspot.jre.full.win32.x86_64_15.0.1.v20201027-0507\jre\bin\java.dll

dbghelp: loaded successfully - version: 4.0.5 - missing functions: none
symbol engine: initialized successfully - sym options: 0x614 - pdb path: .;C:\Program Files (x86)\eclipse\plugins\org.eclipse.justj.openjdk.hotspot.jre.full.win32.x86_64_15.0.1.v20201027-0507\jre\bin;C:\WINDOWS\SYSTEM32;C:\WINDOWS\WinSxS\amd64_microsoft.windows.common-controls_6595b64144ccf1df_6.0.18362.1440_none_9e7dbfb9e45e8e67;C:\Program Files (x86)\eclipse\plugins\org.eclipse.justj.openjdk.hotspot.jre.full.win32.x86_64_15.0.1.v20201027-0507\jre\bin\server

VM Arguments:
jvm_args: -Dfile.encoding=UTF-8 -XX:+ShowCodeDetailsInExceptionMessages 
java_command: Main.Main
java_class_path (initial): C:\Users\jungh\eclipse-workspace\TALK\bin;C:\Users\jungh\Desktop\[Ú¦]ÀÚ·á\commons-io-2.6.jar;C:\Users\jungh\Desktop\myfile\mysql-connector-java-8.0.23.jar
Launcher Type: SUN_STANDARD

[Global flags]
     intx CICompilerCount                          = 3                                         {product} {ergonomic}
     uint ConcGCThreads                            = 2                                         {product} {ergonomic}
     uint G1ConcRefinementThreads                  = 6                                         {product} {ergonomic}
   size_t G1HeapRegionSize                         = 4194304                                   {product} {ergonomic}
    uintx GCDrainStackTargetSize                   = 64                                        {product} {ergonomic}
   size_t InitialHeapSize                          = 402653184                                 {product} {ergonomic}
   size_t MarkStackSize                            = 4194304                                   {product} {ergonomic}
   size_t MaxHeapSize                              = 6425673728                                {product} {ergonomic}
   size_t MinHeapDeltaBytes                        = 4194304                                   {product} {ergonomic}
   size_t MinHeapSize                              = 8388608                                   {product} {ergonomic}
    uintx NonNMethodCodeHeapSize                   = 5832780                                {pd product} {ergonomic}
    uintx NonProfiledCodeHeapSize                  = 122912730                              {pd product} {ergonomic}
    uintx ProfiledCodeHeapSize                     = 122912730                              {pd product} {ergonomic}
    uintx ReservedCodeCacheSize                    = 251658240                              {pd product} {ergonomic}
     bool SegmentedCodeCache                       = true                                      {product} {ergonomic}
     bool ShowCodeDetailsInExceptionMessages       = true                                   {manageable} {command line}
   size_t SoftMaxHeapSize                          = 6425673728                             {manageable} {ergonomic}
     bool UseCompressedClassPointers               = true                                 {lp64_product} {ergonomic}
     bool UseCompressedOops                        = true                                 {lp64_product} {ergonomic}
     bool UseG1GC                                  = true                                      {product} {ergonomic}
     bool UseLargePagesIndividualAllocation        = false                                  {pd product} {ergonomic}

Logging:
Log output configuration:
 #0: stdout all=warning uptime,level,tags
 #1: stderr all=off uptime,level,tags

Environment Variables:
JAVA_HOME=C:\Program Files\Java\jdk1.8.0_271
PATH=C:/Program Files (x86)/eclipse//plugins/org.eclipse.justj.openjdk.hotspot.jre.full.win32.x86_64_15.0.1.v20201027-0507/jre/bin/server;C:/Program Files (x86)/eclipse//plugins/org.eclipse.justj.openjdk.hotspot.jre.full.win32.x86_64_15.0.1.v20201027-0507/jre/bin;C:\Program Files (x86)\NAT Service;C:\Program Files (x86)\Common Files\Oracle\Java\javapath;C:\Windows\system32;C:\Windows;C:\Windows\System32\Wbem;C:\Windows\System32\WindowsPowerShell\v1.0\;C:\Windows\System32\OpenSSH\;C:\Program Files\NVIDIA Corporation\NVIDIA NvDLISR;C:\Program Files (x86)\NVIDIA Corporation\PhysX\Common;C:\WINDOWS\system32;C:\WINDOWS;C:\WINDOWS\System32\Wbem;C:\WINDOWS\System32\WindowsPowerShell\v1.0\;C:\WINDOWS\System32\OpenSSH\;C:\Program Files\Java\jdk1.8.0_271\bin\;C:\Program Files\MySQL\MySQL Server 8.0\bin;C:\Program Files\MySQL\MySQL Shell 8.0\bin\;C:\Users\jungh\AppData\Local\Microsoft\WindowsApps;C:\Program Files\Bandizip\;;C:\Users\jungh\AppData\Local\afreeca;C:\Program Files (x86)\eclipse;
USERNAME=Ú¦
OS=Windows_NT
PROCESSOR_IDENTIFIER=AMD64 Family 23 Model 113 Stepping 0, AuthenticAMD



---------------  S Y S T E M  ---------------

OS:
 Windows 10 , 64 bit Build 18362 (10.0.18362.1350)
OS uptime: 0 days 16:44 hours

CPU: total 6 (initial active 6) (6 cores per cpu, 1 threads per core) family 23 model 113 stepping 0 microcode 0x0, cmov, cx8, fxsr, mmx, sse, sse2, sse3, ssse3, sse4.1, sse4.2, popcnt, vzeroupper, avx, avx2, aes, clmul, 3dnowpref, lzcnt, sse4a, tsc, tscinvbit, tscinv, bmi1, bmi2, adx, sha, fma, clflush, clflushopt

Memory: 4k page, system-wide physical 24510M (13470M free)
TotalPageFile size 46415M (AvailPageFile size 99M)
current process WorkingSet (physical memory assigned to process): 10M, peak: 10M
current process commit charge ("private bytes"): 56M, peak: 440M

vm_info: OpenJDK 64-Bit Server VM (15.0.1+9-18) for windows-amd64 JRE (15.0.1+9-18), built on Sep 15 2020 14:39:31 by "mach5one" with unknown MS VC++:1925

END.
