#
# There is insufficient memory for the Java Runtime Environment to continue.
# Native memory allocation (malloc) failed to allocate 483696 bytes for Chunk::new
# Possible reasons:
#   The system is out of physical RAM or swap space
#   The process is running with CompressedOops enabled, and the Java Heap may be blocking the growth of the native heap
# Possible solutions:
#   Reduce memory load on the system
#   Increase physical memory or swap space
#   Check if swap backing store is full
#   Decrease Java heap size (-Xmx/-Xms)
#   Decrease number of Java threads
#   Decrease Java thread stack sizes (-Xss)
#   Set larger code cache with -XX:ReservedCodeCacheSize=
#   JVM is running with Zero Based Compressed Oops mode in which the Java heap is
#     placed in the first 32GB address space. The Java Heap base address is the
#     maximum limit for the native heap growth. Please use -XX:HeapBaseMinAddress
#     to set the Java Heap base and to place the Java Heap above 32GB virtual address.
# This output file may be truncated or incomplete.
#
#  Out of Memory Error (./open/src/hotspot/share/memory/arena.cpp:195), pid=32808, tid=28136
#
# JRE version: OpenJDK Runtime Environment (15.0.1+9) (build 15.0.1+9-18)
# Java VM: OpenJDK 64-Bit Server VM (15.0.1+9-18, mixed mode, tiered, compressed oops, g1 gc, windows-amd64)
# No core dump will be written. Minidumps are not enabled by default on client versions of Windows
#

---------------  S U M M A R Y ------------

Command Line: -Dfile.encoding=UTF-8 -XX:+ShowCodeDetailsInExceptionMessages Main.Main

Host: AMD Ryzen 5 3500X 6-Core Processor             , 6 cores, 23G,  Windows 10 , 64 bit Build 18362 (10.0.18362.1350)
Time: Tue Apr 20 10:52:54 2021 ¢¥eCN©öI¡¾©ö C¡ÍA¨ª¨öA elapsed time: 5.858653 seconds (0d 0h 0m 5s)

---------------  T H R E A D  ---------------

Current thread (0x000002cd2fff8f80):  JavaThread "C2 CompilerThread0" daemon [_thread_in_native, id=28136, stack(0x000000ee25200000,0x000000ee25300000)]


Current CompileTask:
C2:   5858 1836 %     4       sun.java2d.loops.ProcessPath::FillPolygon @ 292 (675 bytes)

Stack: [0x000000ee25200000,0x000000ee25300000]
Native frames: (J=compiled Java code, j=interpreted, Vv=VM code, C=native code)
V  [jvm.dll+0x62ae9a]
V  [jvm.dll+0x781389]
V  [jvm.dll+0x782ae3]
V  [jvm.dll+0x783143]
V  [jvm.dll+0x216265]
V  [jvm.dll+0x97efa]
V  [jvm.dll+0x985dc]
V  [jvm.dll+0x32e525]
V  [jvm.dll+0x2f78aa]
V  [jvm.dll+0x2f6c6a]
V  [jvm.dll+0x1ea645]
V  [jvm.dll+0x1e98ae]
V  [jvm.dll+0x1784c7]
V  [jvm.dll+0x1f9165]
V  [jvm.dll+0x1f720c]
V  [jvm.dll+0x74485d]
V  [jvm.dll+0x73d65a]
V  [jvm.dll+0x629c56]
C  [ucrtbase.dll+0x210b2]
C  [KERNEL32.DLL+0x17c24]
C  [ntdll.dll+0x6d721]


---------------  P R O C E S S  ---------------

Threads class SMR info:
_java_thread_list=0x000002cd38308690, length=19, elements={
0x000002cd2ffb8010, 0x000002cd2ffb88d0, 0x000002cd2ffc5bf0, 0x000002cd2ffc84c0,
0x000002cd2ffc8d80, 0x000002cd2fff8f80, 0x000002cd2ffcd7e0, 0x000002cd30000b10,
0x000002cd30199c40, 0x000002cd3018eb90, 0x000002cd308ff5c0, 0x000002cd309001e0,
0x000002cd309026c0, 0x000002cd30d9af10, 0x000002cd30e62480, 0x000002cd0a0d11d0,
0x000002cd301afbf0, 0x000002cd30c23880, 0x000002cd30c22540
}

Java Threads: ( => current thread )
  0x000002cd2ffb8010 JavaThread "Reference Handler" daemon [_thread_blocked, id=34660, stack(0x000000ee24d00000,0x000000ee24e00000)]
  0x000002cd2ffb88d0 JavaThread "Finalizer" daemon [_thread_blocked, id=29420, stack(0x000000ee24e00000,0x000000ee24f00000)]
  0x000002cd2ffc5bf0 JavaThread "Signal Dispatcher" daemon [_thread_blocked, id=33240, stack(0x000000ee24f00000,0x000000ee25000000)]
  0x000002cd2ffc84c0 JavaThread "Attach Listener" daemon [_thread_blocked, id=33640, stack(0x000000ee25000000,0x000000ee25100000)]
  0x000002cd2ffc8d80 JavaThread "Service Thread" daemon [_thread_blocked, id=31180, stack(0x000000ee25100000,0x000000ee25200000)]
=>0x000002cd2fff8f80 JavaThread "C2 CompilerThread0" daemon [_thread_in_native, id=28136, stack(0x000000ee25200000,0x000000ee25300000)]
  0x000002cd2ffcd7e0 JavaThread "C1 CompilerThread0" daemon [_thread_blocked, id=33236, stack(0x000000ee25300000,0x000000ee25400000)]
  0x000002cd30000b10 JavaThread "Sweeper thread" daemon [_thread_blocked, id=34000, stack(0x000000ee25400000,0x000000ee25500000)]
  0x000002cd30199c40 JavaThread "Notification Thread" daemon [_thread_blocked, id=32072, stack(0x000000ee25500000,0x000000ee25600000)]
  0x000002cd3018eb90 JavaThread "Common-Cleaner" daemon [_thread_blocked, id=30908, stack(0x000000ee25700000,0x000000ee25800000)]
  0x000002cd308ff5c0 JavaThread "Java2D Disposer" daemon [_thread_blocked, id=34072, stack(0x000000ee25800000,0x000000ee25900000)]
  0x000002cd309001e0 JavaThread "AWT-Shutdown" [_thread_blocked, id=2544, stack(0x000000ee25900000,0x000000ee25a00000)]
  0x000002cd309026c0 JavaThread "AWT-Windows" daemon [_thread_in_native, id=10444, stack(0x000000ee25a00000,0x000000ee25b00000)]
  0x000002cd30d9af10 JavaThread "Image Fetcher 0" daemon [_thread_blocked, id=32636, stack(0x000000ee25d10000,0x000000ee25e10000)]
  0x000002cd30e62480 JavaThread "AWT-EventQueue-0" [_thread_blocked, id=34008, stack(0x000000ee25e10000,0x000000ee25f10000)]
  0x000002cd0a0d11d0 JavaThread "DestroyJavaVM" [_thread_blocked, id=11028, stack(0x000000ee24600000,0x000000ee24700000)]
  0x000002cd301afbf0 JavaThread "D3D Screen Updater" daemon [_thread_blocked, id=34472, stack(0x000000ee26210000,0x000000ee26310000)]
  0x000002cd30c23880 JavaThread "TimerQueue" daemon [_thread_blocked, id=34392, stack(0x000000ee26320000,0x000000ee26420000)]
  0x000002cd30c22540 JavaThread "Image Fetcher 1" daemon [_thread_blocked, id=33188, stack(0x000000ee26450000,0x000000ee26550000)]

Other Threads:
  0x000002cd2f74e680 VMThread "VM Thread" [stack: 0x000000ee24c00000,0x000000ee24d00000] [id=32964]
  0x000002cd3019a920 WatcherThread [stack: 0x000000ee25600000,0x000000ee25700000] [id=32016]
  0x000002cd0a1317d0 GCTaskThread "GC Thread#0" [stack: 0x000000ee24700000,0x000000ee24800000] [id=33992]
  0x000002cd301b1180 GCTaskThread "GC Thread#1" [stack: 0x000000ee26550000,0x000000ee26650000] [id=34512]
  0x000002cd301b2170 GCTaskThread "GC Thread#2" [stack: 0x000000ee26650000,0x000000ee26750000] [id=30308]
  0x000002cd301b1b10 GCTaskThread "GC Thread#3" [stack: 0x000000ee26750000,0x000000ee26850000] [id=32776]
  0x000002cd301b27d0 GCTaskThread "GC Thread#4" [stack: 0x000000ee26850000,0x000000ee26950000] [id=33952]
  0x000002cd301b1e40 GCTaskThread "GC Thread#5" [stack: 0x000000ee26950000,0x000000ee26a50000] [id=28216]
  0x000002cd0a1410f0 ConcurrentGCThread "G1 Main Marker" [stack: 0x000000ee24800000,0x000000ee24900000] [id=34460]
  0x000002cd0a141c70 ConcurrentGCThread "G1 Conc#0" [stack: 0x000000ee24900000,0x000000ee24a00000] [id=34112]
  0x000002cd0a18bbb0 ConcurrentGCThread "G1 Refine#0" [stack: 0x000000ee24a00000,0x000000ee24b00000] [id=34536]
  0x000002cd2f5b2c70 ConcurrentGCThread "G1 Young RemSet Sampling" [stack: 0x000000ee24b00000,0x000000ee24c00000] [id=19460]

Threads with active compile tasks:
C2 CompilerThread0     5890 1836 %     4       sun.java2d.loops.ProcessPath::FillPolygon @ 292 (675 bytes)

VM state: not at safepoint (normal execution)

VM Mutex/Monitor currently owned by a thread: None

Heap address: 0x0000000681000000, size: 6128 MB, Compressed Oops mode: Zero based, Oop shift amount: 3
CDS disabled.
Compressed class space mapped at: 0x0000000800000000-0x0000000840000000, size: 1073741824
Narrow klass base: 0x0000000800000000, Narrow klass shift: 0, Narrow klass range: 0x40000000

GC Precious Log:
 CPUs: 6 total, 6 available
 Memory: 24510M
 Large Page Support: Disabled
 NUMA Support: Disabled
 Compressed Oops: Enabled (Zero based)
 Heap Region Size: 4M
 Heap Min Capacity: 8M
 Heap Initial Capacity: 384M
 Heap Max Capacity: 6128M
 Pre-touch: Disabled
 Parallel Workers: 6
 Concurrent Workers: 2
 Concurrent Refinement Workers: 6
 Periodic GC: Disabled

Heap:
 garbage-first heap   total 393216K, used 17809K [0x0000000681000000, 0x0000000800000000)
  region size 4096K, 3 young (12288K), 1 survivors (4096K)
 Metaspace       used 17634K, capacity 17862K, committed 18048K, reserved 1064960K
  class space    used 1770K, capacity 1866K, committed 1920K, reserved 1048576K

Heap Regions: E=young(eden), S=young(survivor), O=old, HS=humongous(starts), HC=humongous(continues), CS=collection set, F=free, OA=open archive, CA=closed archive, TAMS=top-at-mark-start (previous, next)
|   0|0x0000000681000000, 0x0000000681400000, 0x0000000681400000|100%|HS|  |TAMS 0x0000000681000000, 0x0000000681000000| Complete 
|   1|0x0000000681400000, 0x0000000681800000, 0x0000000681800000|100%|HC|  |TAMS 0x0000000681400000, 0x0000000681400000| Complete 
|   2|0x0000000681800000, 0x0000000681b51c00, 0x0000000681c00000| 82%| O|  |TAMS 0x0000000681800000, 0x0000000681800000| Untracked 
|   3|0x0000000681c00000, 0x0000000681c00000, 0x0000000682000000|  0%| F|  |TAMS 0x0000000681c00000, 0x0000000681c00000| Untracked 
|   4|0x0000000682000000, 0x0000000682000000, 0x0000000682400000|  0%| F|  |TAMS 0x0000000682000000, 0x0000000682000000| Untracked 
|   5|0x0000000682400000, 0x0000000682400000, 0x0000000682800000|  0%| F|  |TAMS 0x0000000682400000, 0x0000000682400000| Untracked 
|   6|0x0000000682800000, 0x0000000682800000, 0x0000000682c00000|  0%| F|  |TAMS 0x0000000682800000, 0x0000000682800000| Untracked 
|   7|0x0000000682c00000, 0x0000000682c00000, 0x0000000683000000|  0%| F|  |TAMS 0x0000000682c00000, 0x0000000682c00000| Untracked 
|   8|0x0000000683000000, 0x0000000683000000, 0x0000000683400000|  0%| F|  |TAMS 0x0000000683000000, 0x0000000683000000| Untracked 
|   9|0x0000000683400000, 0x0000000683400000, 0x0000000683800000|  0%| F|  |TAMS 0x0000000683400000, 0x0000000683400000| Untracked 
|  10|0x0000000683800000, 0x0000000683800000, 0x0000000683c00000|  0%| F|  |TAMS 0x0000000683800000, 0x0000000683800000| Untracked 
|  11|0x0000000683c00000, 0x0000000683c00000, 0x0000000684000000|  0%| F|  |TAMS 0x0000000683c00000, 0x0000000683c00000| Untracked 
|  12|0x0000000684000000, 0x0000000684000000, 0x0000000684400000|  0%| F|  |TAMS 0x0000000684000000, 0x0000000684000000| Untracked 
|  13|0x0000000684400000, 0x0000000684400000, 0x0000000684800000|  0%| F|  |TAMS 0x0000000684400000, 0x0000000684400000| Untracked 
|  14|0x0000000684800000, 0x0000000684800000, 0x0000000684c00000|  0%| F|  |TAMS 0x0000000684800000, 0x0000000684800000| Untracked 
|  15|0x0000000684c00000, 0x0000000684c00000, 0x0000000685000000|  0%| F|  |TAMS 0x0000000684c00000, 0x0000000684c00000| Untracked 
|  16|0x0000000685000000, 0x0000000685000000, 0x0000000685400000|  0%| F|  |TAMS 0x0000000685000000, 0x0000000685000000| Untracked 
|  17|0x0000000685400000, 0x0000000685400000, 0x0000000685800000|  0%| F|  |TAMS 0x0000000685400000, 0x0000000685400000| Untracked 
|  18|0x0000000685800000, 0x0000000685800000, 0x0000000685c00000|  0%| F|  |TAMS 0x0000000685800000, 0x0000000685800000| Untracked 
|  19|0x0000000685c00000, 0x0000000685c00000, 0x0000000686000000|  0%| F|  |TAMS 0x0000000685c00000, 0x0000000685c00000| Untracked 
|  20|0x0000000686000000, 0x0000000686000000, 0x0000000686400000|  0%| F|  |TAMS 0x0000000686000000, 0x0000000686000000| Untracked 
|  21|0x0000000686400000, 0x0000000686400000, 0x0000000686800000|  0%| F|  |TAMS 0x0000000686400000, 0x0000000686400000| Untracked 
|  22|0x0000000686800000, 0x0000000686800000, 0x0000000686c00000|  0%| F|  |TAMS 0x0000000686800000, 0x0000000686800000| Untracked 
|  23|0x0000000686c00000, 0x0000000686c00000, 0x0000000687000000|  0%| F|  |TAMS 0x0000000686c00000, 0x0000000686c00000| Untracked 
|  24|0x0000000687000000, 0x0000000687000000, 0x0000000687400000|  0%| F|  |TAMS 0x0000000687000000, 0x0000000687000000| Untracked 
|  25|0x0000000687400000, 0x0000000687400000, 0x0000000687800000|  0%| F|  |TAMS 0x0000000687400000, 0x0000000687400000| Untracked 
|  26|0x0000000687800000, 0x0000000687800000, 0x0000000687c00000|  0%| F|  |TAMS 0x0000000687800000, 0x0000000687800000| Untracked 
|  27|0x0000000687c00000, 0x0000000687c00000, 0x0000000688000000|  0%| F|  |TAMS 0x0000000687c00000, 0x0000000687c00000| Untracked 
|  28|0x0000000688000000, 0x0000000688000000, 0x0000000688400000|  0%| F|  |TAMS 0x0000000688000000, 0x0000000688000000| Untracked 
|  29|0x0000000688400000, 0x0000000688400000, 0x0000000688800000|  0%| F|  |TAMS 0x0000000688400000, 0x0000000688400000| Untracked 
|  30|0x0000000688800000, 0x0000000688800000, 0x0000000688c00000|  0%| F|  |TAMS 0x0000000688800000, 0x0000000688800000| Untracked 
|  31|0x0000000688c00000, 0x0000000688c00000, 0x0000000689000000|  0%| F|  |TAMS 0x0000000688c00000, 0x0000000688c00000| Untracked 
|  32|0x0000000689000000, 0x0000000689000000, 0x0000000689400000|  0%| F|  |TAMS 0x0000000689000000, 0x0000000689000000| Untracked 
|  33|0x0000000689400000, 0x0000000689400000, 0x0000000689800000|  0%| F|  |TAMS 0x0000000689400000, 0x0000000689400000| Untracked 
|  34|0x0000000689800000, 0x0000000689800000, 0x0000000689c00000|  0%| F|  |TAMS 0x0000000689800000, 0x0000000689800000| Untracked 
|  35|0x0000000689c00000, 0x0000000689c00000, 0x000000068a000000|  0%| F|  |TAMS 0x0000000689c00000, 0x0000000689c00000| Untracked 
|  36|0x000000068a000000, 0x000000068a000000, 0x000000068a400000|  0%| F|  |TAMS 0x000000068a000000, 0x000000068a000000| Untracked 
|  37|0x000000068a400000, 0x000000068a400000, 0x000000068a800000|  0%| F|  |TAMS 0x000000068a400000, 0x000000068a400000| Untracked 
|  38|0x000000068a800000, 0x000000068a800000, 0x000000068ac00000|  0%| F|  |TAMS 0x000000068a800000, 0x000000068a800000| Untracked 
|  39|0x000000068ac00000, 0x000000068ac00000, 0x000000068b000000|  0%| F|  |TAMS 0x000000068ac00000, 0x000000068ac00000| Untracked 
|  40|0x000000068b000000, 0x000000068b000000, 0x000000068b400000|  0%| F|  |TAMS 0x000000068b000000, 0x000000068b000000| Untracked 
|  41|0x000000068b400000, 0x000000068b400000, 0x000000068b800000|  0%| F|  |TAMS 0x000000068b400000, 0x000000068b400000| Untracked 
|  42|0x000000068b800000, 0x000000068b800000, 0x000000068bc00000|  0%| F|  |TAMS 0x000000068b800000, 0x000000068b800000| Untracked 
|  43|0x000000068bc00000, 0x000000068bc00000, 0x000000068c000000|  0%| F|  |TAMS 0x000000068bc00000, 0x000000068bc00000| Untracked 
|  44|0x000000068c000000, 0x000000068c000000, 0x000000068c400000|  0%| F|  |TAMS 0x000000068c000000, 0x000000068c000000| Untracked 
|  45|0x000000068c400000, 0x000000068c400000, 0x000000068c800000|  0%| F|  |TAMS 0x000000068c400000, 0x000000068c400000| Untracked 
|  46|0x000000068c800000, 0x000000068c800000, 0x000000068cc00000|  0%| F|  |TAMS 0x000000068c800000, 0x000000068c800000| Untracked 
|  47|0x000000068cc00000, 0x000000068cc00000, 0x000000068d000000|  0%| F|  |TAMS 0x000000068cc00000, 0x000000068cc00000| Untracked 
|  48|0x000000068d000000, 0x000000068d000000, 0x000000068d400000|  0%| F|  |TAMS 0x000000068d000000, 0x000000068d000000| Untracked 
|  49|0x000000068d400000, 0x000000068d400000, 0x000000068d800000|  0%| F|  |TAMS 0x000000068d400000, 0x000000068d400000| Untracked 
|  50|0x000000068d800000, 0x000000068d800000, 0x000000068dc00000|  0%| F|  |TAMS 0x000000068d800000, 0x000000068d800000| Untracked 
|  51|0x000000068dc00000, 0x000000068dc00000, 0x000000068e000000|  0%| F|  |TAMS 0x000000068dc00000, 0x000000068dc00000| Untracked 
|  52|0x000000068e000000, 0x000000068e000000, 0x000000068e400000|  0%| F|  |TAMS 0x000000068e000000, 0x000000068e000000| Untracked 
|  53|0x000000068e400000, 0x000000068e400000, 0x000000068e800000|  0%| F|  |TAMS 0x000000068e400000, 0x000000068e400000| Untracked 
|  54|0x000000068e800000, 0x000000068e800000, 0x000000068ec00000|  0%| F|  |TAMS 0x000000068e800000, 0x000000068e800000| Untracked 
|  55|0x000000068ec00000, 0x000000068ec00000, 0x000000068f000000|  0%| F|  |TAMS 0x000000068ec00000, 0x000000068ec00000| Untracked 
|  56|0x000000068f000000, 0x000000068f000000, 0x000000068f400000|  0%| F|  |TAMS 0x000000068f000000, 0x000000068f000000| Untracked 
|  57|0x000000068f400000, 0x000000068f400000, 0x000000068f800000|  0%| F|  |TAMS 0x000000068f400000, 0x000000068f400000| Untracked 
|  58|0x000000068f800000, 0x000000068f800000, 0x000000068fc00000|  0%| F|  |TAMS 0x000000068f800000, 0x000000068f800000| Untracked 
|  59|0x000000068fc00000, 0x000000068fc00000, 0x0000000690000000|  0%| F|  |TAMS 0x000000068fc00000, 0x000000068fc00000| Untracked 
|  60|0x0000000690000000, 0x0000000690000000, 0x0000000690400000|  0%| F|  |TAMS 0x0000000690000000, 0x0000000690000000| Untracked 
|  61|0x0000000690400000, 0x0000000690400000, 0x0000000690800000|  0%| F|  |TAMS 0x0000000690400000, 0x0000000690400000| Untracked 
|  62|0x0000000690800000, 0x0000000690800000, 0x0000000690c00000|  0%| F|  |TAMS 0x0000000690800000, 0x0000000690800000| Untracked 
|  63|0x0000000690c00000, 0x0000000690c00000, 0x0000000691000000|  0%| F|  |TAMS 0x0000000690c00000, 0x0000000690c00000| Untracked 
|  64|0x0000000691000000, 0x0000000691000000, 0x0000000691400000|  0%| F|  |TAMS 0x0000000691000000, 0x0000000691000000| Untracked 
|  65|0x0000000691400000, 0x0000000691400000, 0x0000000691800000|  0%| F|  |TAMS 0x0000000691400000, 0x0000000691400000| Untracked 
|  66|0x0000000691800000, 0x0000000691800000, 0x0000000691c00000|  0%| F|  |TAMS 0x0000000691800000, 0x0000000691800000| Untracked 
|  67|0x0000000691c00000, 0x0000000691c00000, 0x0000000692000000|  0%| F|  |TAMS 0x0000000691c00000, 0x0000000691c00000| Untracked 
|  68|0x0000000692000000, 0x0000000692000000, 0x0000000692400000|  0%| F|  |TAMS 0x0000000692000000, 0x0000000692000000| Untracked 
|  69|0x0000000692400000, 0x0000000692400000, 0x0000000692800000|  0%| F|  |TAMS 0x0000000692400000, 0x0000000692400000| Untracked 
|  70|0x0000000692800000, 0x0000000692800000, 0x0000000692c00000|  0%| F|  |TAMS 0x0000000692800000, 0x0000000692800000| Untracked 
|  71|0x0000000692c00000, 0x0000000692c00000, 0x0000000693000000|  0%| F|  |TAMS 0x0000000692c00000, 0x0000000692c00000| Untracked 
|  72|0x0000000693000000, 0x0000000693000000, 0x0000000693400000|  0%| F|  |TAMS 0x0000000693000000, 0x0000000693000000| Untracked 
|  73|0x0000000693400000, 0x0000000693400000, 0x0000000693800000|  0%| F|  |TAMS 0x0000000693400000, 0x0000000693400000| Untracked 
|  74|0x0000000693800000, 0x0000000693800000, 0x0000000693c00000|  0%| F|  |TAMS 0x0000000693800000, 0x0000000693800000| Untracked 
|  75|0x0000000693c00000, 0x0000000693c00000, 0x0000000694000000|  0%| F|  |TAMS 0x0000000693c00000, 0x0000000693c00000| Untracked 
|  76|0x0000000694000000, 0x0000000694000000, 0x0000000694400000|  0%| F|  |TAMS 0x0000000694000000, 0x0000000694000000| Untracked 
|  77|0x0000000694400000, 0x0000000694400000, 0x0000000694800000|  0%| F|  |TAMS 0x0000000694400000, 0x0000000694400000| Untracked 
|  78|0x0000000694800000, 0x0000000694800000, 0x0000000694c00000|  0%| F|  |TAMS 0x0000000694800000, 0x0000000694800000| Untracked 
|  79|0x0000000694c00000, 0x0000000694c00000, 0x0000000695000000|  0%| F|  |TAMS 0x0000000694c00000, 0x0000000694c00000| Untracked 
|  80|0x0000000695000000, 0x0000000695000000, 0x0000000695400000|  0%| F|  |TAMS 0x0000000695000000, 0x0000000695000000| Untracked 
|  81|0x0000000695400000, 0x0000000695400000, 0x0000000695800000|  0%| F|  |TAMS 0x0000000695400000, 0x0000000695400000| Untracked 
|  82|0x0000000695800000, 0x0000000695800000, 0x0000000695c00000|  0%| F|  |TAMS 0x0000000695800000, 0x0000000695800000| Untracked 
|  83|0x0000000695c00000, 0x0000000695c00000, 0x0000000696000000|  0%| F|  |TAMS 0x0000000695c00000, 0x0000000695c00000| Untracked 
|  84|0x0000000696000000, 0x0000000696000000, 0x0000000696400000|  0%| F|  |TAMS 0x0000000696000000, 0x0000000696000000| Untracked 
|  85|0x0000000696400000, 0x0000000696400000, 0x0000000696800000|  0%| F|  |TAMS 0x0000000696400000, 0x0000000696400000| Untracked 
|  86|0x0000000696800000, 0x0000000696800000, 0x0000000696c00000|  0%| F|  |TAMS 0x0000000696800000, 0x0000000696800000| Untracked 
|  87|0x0000000696c00000, 0x0000000696c00000, 0x0000000697000000|  0%| F|  |TAMS 0x0000000696c00000, 0x0000000696c00000| Untracked 
|  88|0x0000000697000000, 0x0000000697000000, 0x0000000697400000|  0%| F|  |TAMS 0x0000000697000000, 0x0000000697000000| Untracked 
|  89|0x0000000697400000, 0x0000000697400000, 0x0000000697800000|  0%| F|  |TAMS 0x0000000697400000, 0x0000000697400000| Untracked 
|  90|0x0000000697800000, 0x0000000697a12b18, 0x0000000697c00000| 51%| S|CS|TAMS 0x0000000697800000, 0x0000000697800000| Complete 
|  91|0x0000000697c00000, 0x0000000697c00000, 0x0000000698000000|  0%| F|  |TAMS 0x0000000697c00000, 0x0000000697c00000| Untracked 
|  92|0x0000000698000000, 0x0000000698000000, 0x0000000698400000|  0%| F|  |TAMS 0x0000000698000000, 0x0000000698000000| Untracked 
|  93|0x0000000698400000, 0x0000000698400000, 0x0000000698800000|  0%| F|  |TAMS 0x0000000698400000, 0x0000000698400000| Untracked 
|  94|0x0000000698800000, 0x0000000698924b80, 0x0000000698c00000| 28%| E|  |TAMS 0x0000000698800000, 0x0000000698800000| Complete 
|  95|0x0000000698c00000, 0x0000000699000000, 0x0000000699000000|100%| E|CS|TAMS 0x0000000698c00000, 0x0000000698c00000| Complete 

Card table byte_map: [0x000002cd1f700000,0x000002cd20300000] _byte_map_base: 0x000002cd1c2f8000

Marking Bits (Prev, Next): (CMBitMap*) 0x000002cd0a132f60, (CMBitMap*) 0x000002cd0a132fa0
 Prev Bits: [0x000002cd20f00000, 0x000002cd26ec0000)
 Next Bits: [0x000002cd26ec0000, 0x000002cd2ce80000)

Polling page: 0x000002cd09f70000

Metaspace:

Usage:
  Non-class:     15.62 MB capacity,    15.50 MB (>99%) used,   106.23 KB ( <1%) free+waste,    20.81 KB ( <1%) overhead. 
      Class:      1.82 MB capacity,     1.73 MB ( 95%) used,    88.84 KB (  5%) free+waste,     7.13 KB ( <1%) overhead. 
       Both:     17.44 MB capacity,    17.23 MB ( 99%) used,   195.07 KB (  1%) free+waste,    27.94 KB ( <1%) overhead. 

Virtual space:
  Non-class space:       16.00 MB reserved,      15.75 MB ( 98%) committed 
      Class space:        1.00 GB reserved,       1.88 MB ( <1%) committed 
             Both:        1.02 GB reserved,      17.63 MB (  2%) committed 

Chunk freelists:
   Non-Class:  4.00 KB
       Class:  22.00 KB
        Both:  26.00 KB

MaxMetaspaceSize: 17179869184.00 GB
CompressedClassSpaceSize: 1.00 GB

CodeHeap 'non-profiled nmethods': size=120000Kb used=454Kb max_used=454Kb free=119545Kb
 bounds [0x000002cd16d90000, 0x000002cd17000000, 0x000002cd1e2c0000]
CodeHeap 'profiled nmethods': size=120000Kb used=3411Kb max_used=3411Kb free=116588Kb
 bounds [0x000002cd0f860000, 0x000002cd0fbc0000, 0x000002cd16d90000]
CodeHeap 'non-nmethods': size=5760Kb used=1316Kb max_used=1344Kb free=4444Kb
 bounds [0x000002cd0f2c0000, 0x000002cd0f530000, 0x000002cd0f860000]
 total_blobs=2488 nmethods=1871 adapters=530
 compilation: enabled
              stopped_count=0, restarted_count=0
 full_count=0

Compilation events (20 events):
Event: 5.849 Thread 0x000002cd2ffcd7e0 nmethod 1843 0x000002cd0fba4710 code [0x000002cd0fba48a0, 0x000002cd0fba4a98]
Event: 5.849 Thread 0x000002cd2ffcd7e0 1844       3       sun.java2d.loops.ProcessPath$DrawHandler::setBounds (16 bytes)
Event: 5.849 Thread 0x000002cd2ffcd7e0 nmethod 1844 0x000002cd0fba4b90 code [0x000002cd0fba4d40, 0x000002cd0fba4f08]
Event: 5.849 Thread 0x000002cd2ffcd7e0 1845       3       javax.swing.border.LineBorder::paintBorder (222 bytes)
Event: 5.850 Thread 0x000002cd2ffcd7e0 nmethod 1845 0x000002cd0fba5010 code [0x000002cd0fba5300, 0x000002cd0fba6588]
Event: 5.850 Thread 0x000002cd2ffcd7e0 1848       3       java.awt.geom.RoundRectangle2D$Float::getWidth (6 bytes)
Event: 5.850 Thread 0x000002cd2ffcd7e0 nmethod 1848 0x000002cd0fba6c90 code [0x000002cd0fba6e20, 0x000002cd0fba6f18]
Event: 5.850 Thread 0x000002cd2ffcd7e0 1849       3       java.awt.geom.RoundRectangle2D$Float::getHeight (6 bytes)
Event: 5.850 Thread 0x000002cd2ffcd7e0 nmethod 1849 0x000002cd0fba6f90 code [0x000002cd0fba7120, 0x000002cd0fba7218]
Event: 5.850 Thread 0x000002cd2ffcd7e0 1850       3       java.awt.geom.RoundRectangle2D$Float::getArcWidth (6 bytes)
Event: 5.850 Thread 0x000002cd2ffcd7e0 nmethod 1850 0x000002cd0fba7290 code [0x000002cd0fba7420, 0x000002cd0fba7518]
Event: 5.850 Thread 0x000002cd2ffcd7e0 1851       3       java.awt.geom.RoundRectangle2D$Float::getArcHeight (6 bytes)
Event: 5.850 Thread 0x000002cd2ffcd7e0 nmethod 1851 0x000002cd0fba7590 code [0x000002cd0fba7720, 0x000002cd0fba7818]
Event: 5.850 Thread 0x000002cd2ffcd7e0 1846       3       java.awt.geom.Path2D$Float::<init> (8 bytes)
Event: 5.850 Thread 0x000002cd2ffcd7e0 nmethod 1846 0x000002cd0fba7890 code [0x000002cd0fba7a60, 0x000002cd0fba8048]
Event: 5.850 Thread 0x000002cd2ffcd7e0 1847       3       java.awt.geom.Path2D$Float::<init> (16 bytes)
Event: 5.851 Thread 0x000002cd2ffcd7e0 nmethod 1847 0x000002cd0fba8210 code [0x000002cd0fba83e0, 0x000002cd0fba8968]
Event: 5.851 Thread 0x000002cd2ffcd7e0 1852       3       GUI.ChatRoom.TALK_ChatRoomList$3::paintComponent (57 bytes)
Event: 5.851 Thread 0x000002cd2ffcd7e0 nmethod 1852 0x000002cd0fba8b10 code [0x000002cd0fba8d00, 0x000002cd0fba9258]
Event: 5.857 Thread 0x000002cd2ffcd7e0 1854   !   3       java.awt.geom.Path2D$Float::expandCoords (125 bytes)

GC Heap History (4 events):
Event: 4.537 GC heap before
{Heap before GC invocations=0 (full 0):
 garbage-first heap   total 393216K, used 16384K [0x0000000681000000, 0x0000000800000000)
  region size 4096K, 4 young (16384K), 0 survivors (0K)
 Metaspace       used 16574K, capacity 16803K, committed 16896K, reserved 1064960K
  class space    used 1691K, capacity 1769K, committed 1792K, reserved 1048576K
}
Event: 4.540 GC heap after
{Heap after GC invocations=1 (full 0):
 garbage-first heap   total 393216K, used 3455K [0x0000000681000000, 0x0000000800000000)
  region size 4096K, 1 young (4096K), 1 survivors (4096K)
 Metaspace       used 16574K, capacity 16803K, committed 16896K, reserved 1064960K
  class space    used 1691K, capacity 1769K, committed 1792K, reserved 1048576K
}
Event: 5.786 GC heap before
{Heap before GC invocations=1 (full 0):
 garbage-first heap   total 393216K, used 28031K [0x0000000681000000, 0x0000000800000000)
  region size 4096K, 5 young (20480K), 1 survivors (4096K)
 Metaspace       used 17521K, capacity 17734K, committed 17792K, reserved 1064960K
  class space    used 1770K, capacity 1866K, committed 1920K, reserved 1048576K
}
Event: 5.789 GC heap after
{Heap after GC invocations=2 (full 0):
 garbage-first heap   total 393216K, used 13713K [0x0000000681000000, 0x0000000800000000)
  region size 4096K, 1 young (4096K), 1 survivors (4096K)
 Metaspace       used 17521K, capacity 17734K, committed 17792K, reserved 1064960K
  class space    used 1770K, capacity 1866K, committed 1920K, reserved 1048576K
}

Deoptimization events (20 events):
Event: 4.552 Thread 0x000002cd30c22540 DEOPT PACKING pc=0x000002cd0f923c08 sp=0x000000ee2654efe0
Event: 4.552 Thread 0x000002cd30c22540 DEOPT UNPACKING pc=0x000002cd0f30e23f sp=0x000000ee2654e610 mode 0
Event: 4.552 Thread 0x000002cd30c22540 DEOPT PACKING pc=0x000002cd0fa53744 sp=0x000000ee2654ebc0
Event: 4.552 Thread 0x000002cd30c22540 DEOPT UNPACKING pc=0x000002cd0f30e23f sp=0x000000ee2654e060 mode 0
Event: 4.553 Thread 0x000002cd30c22540 DEOPT PACKING pc=0x000002cd0f923c08 sp=0x000000ee2654efe0
Event: 4.553 Thread 0x000002cd30c22540 DEOPT UNPACKING pc=0x000002cd0f30e23f sp=0x000000ee2654e610 mode 0
Event: 4.553 Thread 0x000002cd30c22540 DEOPT PACKING pc=0x000002cd0f923c08 sp=0x000000ee2654efe0
Event: 4.553 Thread 0x000002cd30c22540 DEOPT UNPACKING pc=0x000002cd0f30e23f sp=0x000000ee2654e610 mode 0
Event: 4.553 Thread 0x000002cd30c22540 DEOPT PACKING pc=0x000002cd0fa53744 sp=0x000000ee2654ea80
Event: 4.553 Thread 0x000002cd30c22540 DEOPT UNPACKING pc=0x000002cd0f30e23f sp=0x000000ee2654df20 mode 0
Event: 4.553 Thread 0x000002cd30c22540 DEOPT PACKING pc=0x000002cd0f923c08 sp=0x000000ee2654efe0
Event: 4.553 Thread 0x000002cd30c22540 DEOPT UNPACKING pc=0x000002cd0f30e23f sp=0x000000ee2654e610 mode 0
Event: 4.553 Thread 0x000002cd30c22540 DEOPT PACKING pc=0x000002cd0f923c08 sp=0x000000ee2654efe0
Event: 4.553 Thread 0x000002cd30c22540 DEOPT UNPACKING pc=0x000002cd0f30e23f sp=0x000000ee2654e610 mode 0
Event: 4.554 Thread 0x000002cd30c22540 DEOPT PACKING pc=0x000002cd0f923c08 sp=0x000000ee2654efe0
Event: 4.554 Thread 0x000002cd30c22540 DEOPT UNPACKING pc=0x000002cd0f30e23f sp=0x000000ee2654e610 mode 0
Event: 4.554 Thread 0x000002cd30c22540 DEOPT PACKING pc=0x000002cd0fa53744 sp=0x000000ee2654ea80
Event: 4.554 Thread 0x000002cd30c22540 DEOPT UNPACKING pc=0x000002cd0f30e23f sp=0x000000ee2654df20 mode 0
Event: 4.554 Thread 0x000002cd30c22540 DEOPT PACKING pc=0x000002cd0f923c08 sp=0x000000ee2654efe0
Event: 4.554 Thread 0x000002cd30c22540 DEOPT UNPACKING pc=0x000002cd0f30e23f sp=0x000000ee2654e610 mode 0

Classes unloaded (0 events):
No events

Classes redefined (0 events):
No events

Internal exceptions (15 events):
Event: 0.089 Thread 0x000002cd0a0d11d0 Exception <a 'java/lang/NoSuchMethodError'{0x0000000698d2f2e8}: 'java.lang.Object java.lang.invoke.DirectMethodHandle$Holder.invokeStatic(java.lang.Object)'> (0x0000000698d2f2e8) 
thrown [./open/src/hotspot/share/interpreter/linkResolver.cpp, line 782]
Event: 0.093 Thread 0x000002cd0a0d11d0 Exception <a 'java/lang/NoSuchMethodError'{0x0000000698d349f0}: 'java.lang.Object java.lang.invoke.DirectMethodHandle$Holder.invokeStaticInit(java.lang.Object)'> (0x0000000698d349f0) 
thrown [./open/src/hotspot/share/interpreter/linkResolver.cpp, line 782]
Event: 0.131 Thread 0x000002cd0a0d11d0 Exception <a 'java/lang/NoSuchMethodError'{0x0000000698d71900}: 'void java.lang.invoke.DirectMethodHandle$Holder.invokeStatic(java.lang.Object, java.lang.Object)'> (0x0000000698d71900) 
thrown [./open/src/hotspot/share/interpreter/linkResolver.cpp, line 782]
Event: 0.150 Thread 0x000002cd0a0d11d0 Exception <a 'java/lang/NoSuchMethodError'{0x0000000698d957e8}: 'void java.lang.invoke.DirectMethodHandle$Holder.invokeSpecial(java.lang.Object, java.lang.Object, java.lang.Object)'> (0x0000000698d957e8) 
thrown [./open/src/hotspot/share/interpreter/linkResolver.cpp, line 782]
Event: 0.176 Thread 0x000002cd0a0d11d0 Exception <a 'java/lang/ClassNotFoundException'{0x0000000698dee318}: sun/awt/resources/spi/awtProvider> (0x0000000698dee318) 
thrown [./open/src/hotspot/share/classfile/systemDictionary.cpp, line 295]
Event: 0.193 Thread 0x000002cd0a0d11d0 Exception <a 'java/io/FileNotFoundException'{0x0000000698e3e690}> (0x0000000698e3e690) 
thrown [./open/src/hotspot/share/prims/jni.cpp, line 578]
Event: 0.198 Thread 0x000002cd0a0d11d0 Exception <a 'java/io/FileNotFoundException'{0x0000000698e6d308}> (0x0000000698e6d308) 
thrown [./open/src/hotspot/share/prims/jni.cpp, line 578]
Event: 0.449 Thread 0x000002cd0a0d11d0 Exception <a 'java/lang/NoSuchMethodError'{0x0000000698f7b098}: 'java.lang.Object java.lang.invoke.DirectMethodHandle$Holder.newInvokeSpecial(java.lang.Object, java.lang.Object, java.lang.Object, java.lang.Object, java.lang.Object)'> (0x0000000698f7b098) 
thrown [./open/src/hotspot/share/interpreter/linkResolver.cpp, line 782]
Event: 0.450 Thread 0x000002cd0a0d11d0 Exception <a 'java/lang/NoSuchMethodError'{0x0000000698f86bb0}: 'java.lang.Object java.lang.invoke.DirectMethodHandle$Holder.invokeStatic(java.lang.Object, int, java.lang.Object, java.lang.Object, java.lang.Object, java.lang.Object)'> (0x0000000698f86bb0) 
thrown [./open/src/hotspot/share/interpreter/linkResolver.cpp, line 782]
Event: 0.452 Thread 0x000002cd0a0d11d0 Exception <a 'java/lang/NoSuchMethodError'{0x0000000698fad1d0}: 'java.lang.Object java.lang.invoke.DirectMethodHandle$Holder.invokeStatic(java.lang.Object, int, java.lang.Object)'> (0x0000000698fad1d0) 
thrown [./open/src/hotspot/share/interpreter/linkResolver.cpp, line 782]
Event: 0.466 Thread 0x000002cd0a0d11d0 Exception <a 'java/lang/ClassNotFoundException'{0x0000000698865a20}: com/sun/swing/internal/plaf/metal/resources/spi/metalProvider> (0x0000000698865a20) 
thrown [./open/src/hotspot/share/classfile/systemDictionary.cpp, line 295]
Event: 0.466 Thread 0x000002cd0a0d11d0 Exception <a 'java/lang/ClassNotFoundException'{0x0000000698869a90}: com/sun/swing/internal/plaf/basic/resources/spi/basicProvider> (0x0000000698869a90) 
thrown [./open/src/hotspot/share/classfile/systemDictionary.cpp, line 295]
Event: 0.477 Thread 0x000002cd30d9af10 Exception <a 'java/lang/NoSuchMethodError'{0x00000006988b5870}: 'java.lang.Object java.lang.invoke.DirectMethodHandle$Holder.newInvokeSpecial(java.lang.Object, java.lang.Object, java.lang.Object, int, int, int, int, int)'> (0x00000006988b5870) 
thrown [./open/src/hotspot/share/interpreter/linkResolver.cpp, line 782]
Event: 0.538 Thread 0x000002cd0a0d11d0 Exception <a 'java/lang/NoSuchMethodError'{0x00000006989f77e0}: 'void java.lang.invoke.DirectMethodHandle$Holder.invokeStaticInit(java.lang.Object)'> (0x00000006989f77e0) 
thrown [./open/src/hotspot/share/interpreter/linkResolver.cpp, line 782]
Event: 0.547 Thread 0x000002cd0a0d11d0 Exception <a 'java/io/FileNotFoundException'{0x0000000698a04470}> (0x0000000698a04470) 
thrown [./open/src/hotspot/share/prims/jni.cpp, line 578]

Events (20 events):
Event: 5.642 loading class java/awt/event/ComponentAdapter done
Event: 5.642 loading class javax/swing/JViewport$ViewListener done
Event: 5.642 loading class javax/swing/plaf/metal/MetalScrollPaneUI
Event: 5.642 loading class javax/swing/plaf/basic/BasicScrollPaneUI
Event: 5.642 loading class javax/swing/plaf/ScrollPaneUI
Event: 5.642 loading class javax/swing/plaf/ScrollPaneUI done
Event: 5.642 loading class javax/swing/plaf/basic/BasicScrollPaneUI done
Event: 5.642 loading class javax/swing/plaf/metal/MetalScrollPaneUI done
Event: 5.642 loading class javax/swing/plaf/metal/MetalBorders$ScrollPaneBorder
Event: 5.642 loading class javax/swing/plaf/metal/MetalBorders$ScrollPaneBorder done
Event: 5.642 loading class javax/swing/plaf/basic/BasicScrollPaneUI$Handler
Event: 5.642 loading class javax/swing/plaf/basic/BasicScrollPaneUI$Handler done
Event: 5.642 loading class javax/swing/plaf/metal/MetalScrollPaneUI$1
Event: 5.642 loading class javax/swing/plaf/metal/MetalScrollPaneUI$1 done
Event: 5.643 loading class javax/swing/border/MatteBorder
Event: 5.643 loading class javax/swing/border/MatteBorder done
Event: 5.786 Executing VM operation: G1CollectForAllocation
Event: 5.789 Executing VM operation: G1CollectForAllocation done
Event: 5.789 Executing VM operation: HandshakeAllThreads
Event: 5.789 Executing VM operation: HandshakeAllThreads done


Dynamic libraries:
0x00007ff798310000 - 0x00007ff79831d000 	C:\Program Files (x86)\eclipse\plugins\org.eclipse.justj.openjdk.hotspot.jre.full.win32.x86_64_15.0.1.v20201027-0507\jre\bin\javaw.exe
0x00007ff938d20000 - 0x00007ff938f10000 	C:\WINDOWS\SYSTEM32\ntdll.dll
0x00007ff938380000 - 0x00007ff938432000 	C:\WINDOWS\System32\KERNEL32.DLL
0x00007ff936630000 - 0x00007ff9368d5000 	C:\WINDOWS\System32\KERNELBASE.dll
0x00007ff936a70000 - 0x00007ff936b6a000 	C:\WINDOWS\System32\ucrtbase.dll
0x00007ff920750000 - 0x00007ff920769000 	C:\Program Files (x86)\eclipse\plugins\org.eclipse.justj.openjdk.hotspot.jre.full.win32.x86_64_15.0.1.v20201027-0507\jre\bin\VCRUNTIME140.dll
0x00007ff91fba0000 - 0x00007ff91fbb8000 	C:\Program Files (x86)\eclipse\plugins\org.eclipse.justj.openjdk.hotspot.jre.full.win32.x86_64_15.0.1.v20201027-0507\jre\bin\jli.dll
0x00007ff937b40000 - 0x00007ff937cd4000 	C:\WINDOWS\System32\USER32.dll
0x00007ff936b70000 - 0x00007ff936b91000 	C:\WINDOWS\System32\win32u.dll
0x00007ff9382f0000 - 0x00007ff938316000 	C:\WINDOWS\System32\GDI32.dll
0x00007ff936ba0000 - 0x00007ff936d38000 	C:\WINDOWS\System32\gdi32full.dll
0x00007ff936590000 - 0x00007ff93662e000 	C:\WINDOWS\System32\msvcp_win.dll
0x00007ff920af0000 - 0x00007ff920d74000 	C:\WINDOWS\WinSxS\amd64_microsoft.windows.common-controls_6595b64144ccf1df_6.0.18362.1440_none_9e7dbfb9e45e8e67\COMCTL32.dll
0x00007ff938250000 - 0x00007ff9382ee000 	C:\WINDOWS\System32\msvcrt.dll
0x00007ff9376b0000 - 0x00007ff9379e6000 	C:\WINDOWS\System32\combase.dll
0x00007ff938b40000 - 0x00007ff938c5f000 	C:\WINDOWS\System32\RPCRT4.dll
0x00007ff936d40000 - 0x00007ff936dc1000 	C:\WINDOWS\System32\bcryptPrimitives.dll
0x00007ff938070000 - 0x00007ff93809e000 	C:\WINDOWS\System32\IMM32.DLL
0x00007ff9216c0000 - 0x00007ff9216cc000 	C:\Program Files (x86)\eclipse\plugins\org.eclipse.justj.openjdk.hotspot.jre.full.win32.x86_64_15.0.1.v20201027-0507\jre\bin\vcruntime140_1.dll
0x00007ff918530000 - 0x00007ff9185c1000 	C:\Program Files (x86)\eclipse\plugins\org.eclipse.justj.openjdk.hotspot.jre.full.win32.x86_64_15.0.1.v20201027-0507\jre\bin\msvcp140.dll
0x00007ff8d9a40000 - 0x00007ff8da59e000 	C:\Program Files (x86)\eclipse\plugins\org.eclipse.justj.openjdk.hotspot.jre.full.win32.x86_64_15.0.1.v20201027-0507\jre\bin\server\jvm.dll
0x00007ff936f60000 - 0x00007ff937003000 	C:\WINDOWS\System32\ADVAPI32.dll
0x00007ff937aa0000 - 0x00007ff937b37000 	C:\WINDOWS\System32\sechost.dll
0x00007ff938440000 - 0x00007ff938448000 	C:\WINDOWS\System32\PSAPI.DLL
0x00007ff920ed0000 - 0x00007ff920ed9000 	C:\WINDOWS\SYSTEM32\WSOCK32.dll
0x00007ff937090000 - 0x00007ff9370ff000 	C:\WINDOWS\System32\WS2_32.dll
0x00007ff92fd10000 - 0x00007ff92fd1a000 	C:\WINDOWS\SYSTEM32\VERSION.dll
0x00007ff9338c0000 - 0x00007ff9338e4000 	C:\WINDOWS\SYSTEM32\WINMM.dll
0x00007ff933890000 - 0x00007ff9338bd000 	C:\WINDOWS\SYSTEM32\winmmbase.dll
0x00007ff935c90000 - 0x00007ff935cda000 	C:\WINDOWS\System32\cfgmgr32.dll
0x00007ff935be0000 - 0x00007ff935bf1000 	C:\WINDOWS\System32\kernel.appcore.dll
0x00007ff922b60000 - 0x00007ff922b6a000 	C:\Program Files (x86)\eclipse\plugins\org.eclipse.justj.openjdk.hotspot.jre.full.win32.x86_64_15.0.1.v20201027-0507\jre\bin\jimage.dll
0x00007ff934580000 - 0x00007ff934774000 	C:\WINDOWS\SYSTEM32\DBGHELP.DLL
0x00007ff92b920000 - 0x00007ff92b94a000 	C:\WINDOWS\SYSTEM32\dbgcore.DLL
0x00007ff91f790000 - 0x00007ff91f7b5000 	C:\Program Files (x86)\eclipse\plugins\org.eclipse.justj.openjdk.hotspot.jre.full.win32.x86_64_15.0.1.v20201027-0507\jre\bin\java.dll
0x00007ff9222e0000 - 0x00007ff9222f8000 	C:\Program Files (x86)\eclipse\plugins\org.eclipse.justj.openjdk.hotspot.jre.full.win32.x86_64_15.0.1.v20201027-0507\jre\bin\zip.dll
0x00007ff938450000 - 0x00007ff938b38000 	C:\WINDOWS\System32\SHELL32.dll
0x00007ff937f60000 - 0x00007ff938007000 	C:\WINDOWS\System32\shcore.dll
0x00007ff935ce0000 - 0x00007ff93645b000 	C:\WINDOWS\System32\windows.storage.dll
0x00007ff935c00000 - 0x00007ff935c1e000 	C:\WINDOWS\System32\profapi.dll
0x00007ff935c40000 - 0x00007ff935c8a000 	C:\WINDOWS\System32\powrprof.dll
0x00007ff935bd0000 - 0x00007ff935be0000 	C:\WINDOWS\System32\UMPDC.dll
0x00007ff9381f0000 - 0x00007ff938242000 	C:\WINDOWS\System32\shlwapi.dll
0x00007ff936510000 - 0x00007ff936527000 	C:\WINDOWS\System32\cryptsp.dll
0x00007ff91e670000 - 0x00007ff91e689000 	C:\Program Files (x86)\eclipse\plugins\org.eclipse.justj.openjdk.hotspot.jre.full.win32.x86_64_15.0.1.v20201027-0507\jre\bin\net.dll
0x00007ff92e1e0000 - 0x00007ff92e2da000 	C:\WINDOWS\SYSTEM32\WINHTTP.dll
0x00007ff9353b0000 - 0x00007ff935417000 	C:\WINDOWS\system32\mswsock.dll
0x00007ff91e650000 - 0x00007ff91e662000 	C:\Program Files (x86)\eclipse\plugins\org.eclipse.justj.openjdk.hotspot.jre.full.win32.x86_64_15.0.1.v20201027-0507\jre\bin\nio.dll
0x00007ff921660000 - 0x00007ff921676000 	C:\WINDOWS\system32\napinsp.dll
0x00007ff9213e0000 - 0x00007ff9213fa000 	C:\WINDOWS\system32\pnrpnsp.dll
0x00007ff935100000 - 0x00007ff9351cb000 	C:\WINDOWS\SYSTEM32\DNSAPI.dll
0x00007ff936dd0000 - 0x00007ff936dd8000 	C:\WINDOWS\System32\NSI.dll
0x00007ff9350c0000 - 0x00007ff9350fa000 	C:\WINDOWS\SYSTEM32\IPHLPAPI.DLL
0x00007ff9213d0000 - 0x00007ff9213de000 	C:\WINDOWS\System32\winrnr.dll
0x00007ff932100000 - 0x00007ff93211c000 	C:\WINDOWS\system32\NLAapi.dll
0x00007ff925bc0000 - 0x00007ff925bd5000 	C:\WINDOWS\system32\wshbth.dll
0x00007ff92ef60000 - 0x00007ff92ef6a000 	C:\Windows\System32\rasadhlp.dll
0x00007ff92f3b0000 - 0x00007ff92f427000 	C:\WINDOWS\System32\fwpuclnt.dll
0x00007ff9368e0000 - 0x00007ff936906000 	C:\WINDOWS\System32\bcrypt.dll
0x00007ff8cff10000 - 0x00007ff8d008f000 	C:\Program Files (x86)\eclipse\plugins\org.eclipse.justj.openjdk.hotspot.jre.full.win32.x86_64_15.0.1.v20201027-0507\jre\bin\awt.dll
0x00007ff937e90000 - 0x00007ff937f55000 	C:\WINDOWS\System32\OLEAUT32.dll
0x00007ff933b40000 - 0x00007ff933bcf000 	C:\WINDOWS\SYSTEM32\apphelp.dll
0x00007ff934230000 - 0x00007ff93425d000 	C:\WINDOWS\system32\DWMAPI.DLL
0x00007ff933c40000 - 0x00007ff933cd9000 	C:\WINDOWS\system32\uxtheme.dll
0x00007ff8e3690000 - 0x00007ff8e37e6000 	C:\WINDOWS\system32\opengl32.dll
0x00007ff91a0f0000 - 0x00007ff91a11c000 	C:\WINDOWS\SYSTEM32\GLU32.dll
0x00007ff934880000 - 0x00007ff9348a0000 	C:\WINDOWS\SYSTEM32\dxcore.dll
0x00007ff937570000 - 0x00007ff9376a5000 	C:\WINDOWS\System32\MSCTF.dll
0x00007ff936e00000 - 0x00007ff936f57000 	C:\WINDOWS\System32\ole32.dll
0x00007ff92ab00000 - 0x00007ff92acc7000 	C:\WINDOWS\system32\d3d9.dll
0x00007ff92dc60000 - 0x00007ff92dd62000 	C:\WINDOWS\System32\DriverStore\FileRepository\nv_dispi.inf_amd64_1c83a5d7cffd7bff\nvldumdx.dll
0x00007ff935c20000 - 0x00007ff935c32000 	C:\WINDOWS\System32\msasn1.dll
0x00007ff92f4d0000 - 0x00007ff92f4ff000 	C:\WINDOWS\SYSTEM32\cryptnet.dll
0x00007ff936910000 - 0x00007ff936a61000 	C:\WINDOWS\System32\CRYPT32.dll
0x00007ff935580000 - 0x00007ff93558c000 	C:\WINDOWS\SYSTEM32\cryptbase.dll
0x00007ff936530000 - 0x00007ff93658c000 	C:\WINDOWS\System32\WINTRUST.DLL
0x00007ff936de0000 - 0x00007ff936dfd000 	C:\WINDOWS\System32\imagehlp.dll
0x00007ff934f30000 - 0x00007ff934f63000 	C:\WINDOWS\system32\rsaenh.dll
0x00007ff8cc260000 - 0x00007ff8cdc7b000 	C:\WINDOWS\System32\DriverStore\FileRepository\nv_dispi.inf_amd64_1c83a5d7cffd7bff\nvd3dumx.dll
0x00007ff91fc20000 - 0x00007ff91fed9000 	C:\WINDOWS\system32\nvspcap64.dll
0x00007ff934c10000 - 0x00007ff934c41000 	C:\WINDOWS\SYSTEM32\ntmarta.dll
0x00007ff9347c0000 - 0x00007ff9347e2000 	C:\WINDOWS\SYSTEM32\gpapi.dll
0x00007ff916290000 - 0x00007ff916315000 	C:\Program Files (x86)\eclipse\plugins\org.eclipse.justj.openjdk.hotspot.jre.full.win32.x86_64_15.0.1.v20201027-0507\jre\bin\freetype.dll
0x00007ff9103b0000 - 0x00007ff910459000 	C:\Program Files (x86)\eclipse\plugins\org.eclipse.justj.openjdk.hotspot.jre.full.win32.x86_64_15.0.1.v20201027-0507\jre\bin\fontmanager.dll
0x00007ff9379f0000 - 0x00007ff937a92000 	C:\WINDOWS\System32\clbcatq.dll
0x00007ff930d90000 - 0x00007ff930f3f000 	C:\WINDOWS\SYSTEM32\WindowsCodecs.dll
0x00007ff915c40000 - 0x00007ff915c7b000 	C:\WINDOWS\system32\dataexchange.dll
0x00007ff933210000 - 0x00007ff9333ed000 	C:\WINDOWS\system32\dcomp.dll
0x00007ff932fb0000 - 0x00007ff93320b000 	C:\WINDOWS\system32\d3d11.dll
0x00007ff9348a0000 - 0x00007ff93498b000 	C:\WINDOWS\system32\dxgi.dll
0x00007ff933d00000 - 0x00007ff933f5a000 	C:\WINDOWS\system32\twinapi.appcore.dll
0x00007ff934140000 - 0x00007ff934169000 	C:\WINDOWS\system32\RMCLIENT.dll
0x00007ff919d80000 - 0x00007ff919e1d000 	C:\WINDOWS\System32\TextInputFramework.dll
0x00007ff931710000 - 0x00007ff931a3a000 	C:\WINDOWS\System32\CoreUIComponents.dll
0x00007ff9337b0000 - 0x00007ff933884000 	C:\WINDOWS\System32\CoreMessaging.dll
0x00007ff931510000 - 0x00007ff931662000 	C:\WINDOWS\SYSTEM32\wintypes.dll
0x00007ff921c30000 - 0x00007ff921c95000 	C:\WINDOWS\system32\Oleacc.dll
0x00007ff92a170000 - 0x00007ff92a417000 	C:\WINDOWS\System32\iertutil.dll
0x00007ff9154e0000 - 0x00007ff9155af000 	C:\Windows\System32\IME\IMEKR\imkrtip.dll
0x00007ff932280000 - 0x00007ff932370000 	C:\WINDOWS\SYSTEM32\PROPSYS.dll
0x00007ff914ce0000 - 0x00007ff914e19000 	C:\Windows\System32\IME\shared\imetip.dll
0x00007ff9120d0000 - 0x00007ff912283000 	C:\WINDOWS\SYSTEM32\DUI70.dll
0x00007ff919880000 - 0x00007ff9198be000 	C:\Windows\System32\IME\IMEKR\imkrapi.dll
0x00007ff9159d0000 - 0x00007ff915a0c000 	C:\Windows\System32\IME\shared\imjkapi.dll
0x00007ff918500000 - 0x00007ff91852d000 	C:\Program Files (x86)\eclipse\plugins\org.eclipse.justj.openjdk.hotspot.jre.full.win32.x86_64_15.0.1.v20201027-0507\jre\bin\javajpeg.dll

dbghelp: loaded successfully - version: 4.0.5 - missing functions: none
symbol engine: initialized successfully - sym options: 0x614 - pdb path: .;C:\Program Files (x86)\eclipse\plugins\org.eclipse.justj.openjdk.hotspot.jre.full.win32.x86_64_15.0.1.v20201027-0507\jre\bin;C:\WINDOWS\SYSTEM32;C:\WINDOWS\WinSxS\amd64_microsoft.windows.common-controls_6595b64144ccf1df_6.0.18362.1440_none_9e7dbfb9e45e8e67;C:\Program Files (x86)\eclipse\plugins\org.eclipse.justj.openjdk.hotspot.jre.full.win32.x86_64_15.0.1.v20201027-0507\jre\bin\server;C:\WINDOWS\System32\DriverStore\FileRepository\nv_dispi.inf_amd64_1c83a5d7cffd7bff;C:\Windows\System32\IME\IMEKR;C:\Windows\System32\IME\shared

VM Arguments:
jvm_args: -Dfile.encoding=UTF-8 -XX:+ShowCodeDetailsInExceptionMessages 
java_command: Main.Main
java_class_path (initial): C:\Users\jungh\eclipse-workspace\TALK\bin;C:\Users\jungh\Desktop\[Ú¦]ÀÚ·á\commons-io-2.6.jar;C:\Users\jungh\Desktop\myfile\mysql-connector-java-8.0.23.jar
Launcher Type: SUN_STANDARD

[Global flags]
     intx CICompilerCount                          = 3                                         {product} {ergonomic}
     uint ConcGCThreads                            = 2                                         {product} {ergonomic}
     uint G1ConcRefinementThreads                  = 6                                         {product} {ergonomic}
   size_t G1HeapRegionSize                         = 4194304                                   {product} {ergonomic}
    uintx GCDrainStackTargetSize                   = 64                                        {product} {ergonomic}
   size_t InitialHeapSize                          = 402653184                                 {product} {ergonomic}
   size_t MarkStackSize                            = 4194304                                   {product} {ergonomic}
   size_t MaxHeapSize                              = 6425673728                                {product} {ergonomic}
   size_t MaxNewSize                               = 3854565376                                {product} {ergonomic}
   size_t MinHeapDeltaBytes                        = 4194304                                   {product} {ergonomic}
   size_t MinHeapSize                              = 8388608                                   {product} {ergonomic}
    uintx NonNMethodCodeHeapSize                   = 5832780                                {pd product} {ergonomic}
    uintx NonProfiledCodeHeapSize                  = 122912730                              {pd product} {ergonomic}
    uintx ProfiledCodeHeapSize                     = 122912730                              {pd product} {ergonomic}
    uintx ReservedCodeCacheSize                    = 251658240                              {pd product} {ergonomic}
     bool SegmentedCodeCache                       = true                                      {product} {ergonomic}
     bool ShowCodeDetailsInExceptionMessages       = true                                   {manageable} {command line}
   size_t SoftMaxHeapSize                          = 6425673728                             {manageable} {ergonomic}
     bool UseCompressedClassPointers               = true                                 {lp64_product} {ergonomic}
     bool UseCompressedOops                        = true                                 {lp64_product} {ergonomic}
     bool UseG1GC                                  = true                                      {product} {ergonomic}
     bool UseLargePagesIndividualAllocation        = false                                  {pd product} {ergonomic}

Logging:
Log output configuration:
 #0: stdout all=warning uptime,level,tags
 #1: stderr all=off uptime,level,tags

Environment Variables:
JAVA_HOME=C:\Program Files\Java\jdk1.8.0_271
PATH=C:/Program Files (x86)/eclipse//plugins/org.eclipse.justj.openjdk.hotspot.jre.full.win32.x86_64_15.0.1.v20201027-0507/jre/bin/server;C:/Program Files (x86)/eclipse//plugins/org.eclipse.justj.openjdk.hotspot.jre.full.win32.x86_64_15.0.1.v20201027-0507/jre/bin;C:\Program Files (x86)\NAT Service;C:\Program Files (x86)\Common Files\Oracle\Java\javapath;C:\Windows\system32;C:\Windows;C:\Windows\System32\Wbem;C:\Windows\System32\WindowsPowerShell\v1.0\;C:\Windows\System32\OpenSSH\;C:\Program Files\NVIDIA Corporation\NVIDIA NvDLISR;C:\Program Files (x86)\NVIDIA Corporation\PhysX\Common;C:\WINDOWS\system32;C:\WINDOWS;C:\WINDOWS\System32\Wbem;C:\WINDOWS\System32\WindowsPowerShell\v1.0\;C:\WINDOWS\System32\OpenSSH\;C:\Program Files\Java\jdk1.8.0_271\bin\;C:\Program Files\MySQL\MySQL Server 8.0\bin;C:\Program Files\MySQL\MySQL Shell 8.0\bin\;C:\Users\jungh\AppData\Local\Microsoft\WindowsApps;C:\Program Files\Bandizip\;;C:\Users\jungh\AppData\Local\afreeca;C:\Program Files (x86)\eclipse;
USERNAME=Ú¦
OS=Windows_NT
PROCESSOR_IDENTIFIER=AMD64 Family 23 Model 113 Stepping 0, AuthenticAMD



---------------  S Y S T E M  ---------------

OS:
 Windows 10 , 64 bit Build 18362 (10.0.18362.1350)
OS uptime: 0 days 16:42 hours

CPU: total 6 (initial active 6) (6 cores per cpu, 1 threads per core) family 23 model 113 stepping 0 microcode 0x0, cmov, cx8, fxsr, mmx, sse, sse2, sse3, ssse3, sse4.1, sse4.2, popcnt, vzeroupper, avx, avx2, aes, clmul, 3dnowpref, lzcnt, sse4a, tsc, tscinvbit, tscinv, bmi1, bmi2, adx, sha, fma, clflush, clflushopt

Memory: 4k page, system-wide physical 24510M (13746M free)
TotalPageFile size 46415M (AvailPageFile size 5M)
current process WorkingSet (physical memory assigned to process): 149M, peak: 149M
current process commit charge ("private bytes"): 550M, peak: 551M

vm_info: OpenJDK 64-Bit Server VM (15.0.1+9-18) for windows-amd64 JRE (15.0.1+9-18), built on Sep 15 2020 14:39:31 by "mach5one" with unknown MS VC++:1925

END.
